#
# There is insufficient memory for the Java Runtime Environment to continue.
# Native memory allocation (mmap) failed to map 266338304 bytes for G1 virtual space
# Possible reasons:
#   The system is out of physical RAM or swap space
#   The process is running with CompressedOops enabled, and the Java Heap may be blocking the growth of the native heap
# Possible solutions:
#   Reduce memory load on the system
#   Increase physical memory or swap space
#   Check if swap backing store is full
#   Decrease Java heap size (-Xmx/-Xms)
#   Decrease number of Java threads
#   Decrease Java thread stack sizes (-Xss)
#   Set larger code cache with -XX:ReservedCodeCacheSize=
#   JVM is running with Zero Based Compressed Oops mode in which the Java heap is
#     placed in the first 32GB address space. The Java Heap base address is the
#     maximum limit for the native heap growth. Please use -XX:HeapBaseMinAddress
#     to set the Java Heap base and to place the Java Heap above 32GB virtual address.
# This output file may be truncated or incomplete.
#
#  Out of Memory Error (os_windows.cpp:3548), pid=14504, tid=6280
#
# JRE version:  (17.0.5+8) (build )
# Java VM: OpenJDK 64-Bit Server VM (17.0.5+8-LTS, mixed mode, emulated-client, sharing, tiered, compressed oops, compressed class ptrs, g1 gc, windows-amd64)
# No core dump will be written. Minidumps are not enabled by default on client versions of Windows
#

---------------  S U M M A R Y ------------

Command Line: -XX:TieredStopAtLevel=1 -Dspring.output.ansi.enabled=always -Dcom.sun.management.jmxremote -Dspring.jmx.enabled=true -Dspring.liveBeansView.mbeanDomain -Dspring.application.admin.enabled=true -Dmanagement.endpoints.jmx.exposure.include=* -javaagent:C:\Program Files\JetBrains\IntelliJ IDEA 2022.3.1\lib\idea_rt.jar=54788:C:\Program Files\JetBrains\IntelliJ IDEA 2022.3.1\bin -Dfile.encoding=UTF-8 tn.eesprit.gestionevenementback.GestionEvenementBackApplication

Host: Intel(R) Core(TM) i7-6600U CPU @ 2.60GHz, 4 cores, 15G,  Windows 10 , 64 bit Build 19041 (10.0.19041.2913)
Time: Sun May 21 18:20:26 2023 Paris, Madrid (heure duild 19041 (10.0.19041.2913) elapsed time: 0.022422 seconds (0d 0h 0m 0s)

---------------  T H R E A D  ---------------

Current thread (0x0000013a0e9948e0):  JavaThread "Unknown thread" [_thread_in_vm, id=6280, stack(0x000000193b500000,0x000000193b600000)]

Stack: [0x000000193b500000,0x000000193b600000]
Native frames: (J=compiled Java code, j=interpreted, Vv=VM code, C=native code)
V  [jvm.dll+0x646e0a]
V  [jvm.dll+0x7f7f14]
V  [jvm.dll+0x7f96ce]
V  [jvm.dll+0x7f9d23]
V  [jvm.dll+0x234c98]
V  [jvm.dll+0x643d6a]
V  [jvm.dll+0x63849a]
V  [jvm.dll+0x2f2ed9]
V  [jvm.dll+0x2fa066]
V  [jvm.dll+0x345a2a]
V  [jvm.dll+0x345c6f]
V  [jvm.dll+0x2c9378]
V  [jvm.dll+0x2ca309]
V  [jvm.dll+0x7cb681]
V  [jvm.dll+0x352eb1]
V  [jvm.dll+0x7abb8e]
V  [jvm.dll+0x3ce293]
V  [jvm.dll+0x3cfc91]
C  [jli.dll+0x519f]
C  [ucrtbase.dll+0x21bb2]
C  [KERNEL32.DLL+0x17614]
C  [ntdll.dll+0x526a1]


---------------  P R O C E S S  ---------------

Threads class SMR info:
_java_thread_list=0x00007ffdeea16758, length=0, elements={
}

Java Threads: ( => current thread )

Other Threads:
  0x0000013a0e9ff590 GCTaskThread "GC Thread#0" [stack: 0x000000193b600000,0x000000193b700000] [id=18592]
  0x0000013a0ea10290 ConcurrentGCThread "G1 Main Marker" [stack: 0x000000193b700000,0x000000193b800000] [id=17540]
  0x0000013a0ea114e0 ConcurrentGCThread "G1 Conc#0" [stack: 0x000000193b800000,0x000000193b900000] [id=18364]

[error occurred during error reporting (printing all threads), id 0xc0000005, EXCEPTION_ACCESS_VIOLATION (0xc0000005) at pc=0x00007ffdee20a567]

VM state: not at safepoint (not fully initialized)

VM Mutex/Monitor currently owned by a thread:  ([mutex/lock_event])
[0x0000013a0e990650] Heap_lock - owner thread: 0x0000013a0e9948e0

Heap address: 0x0000000702400000, size: 4060 MB, Compressed Oops mode: Zero based, Oop shift amount: 3

CDS archive(s) mapped at: [0x0000000000000000-0x0000000000000000-0x0000000000000000), size 0, SharedBaseAddress: 0x0000000800000000, ArchiveRelocationMode: 0.
Narrow klass base: 0x0000000000000000, Narrow klass shift: 0, Narrow klass range: 0x0

GC Precious Log:
<Empty>

Heap:
 garbage-first heap   total 0K, used 0K [0x0000000702400000, 0x0000000800000000)
  region size 2048K, 0 young (0K), 0 survivors (0K)

[error occurred during error reporting (printing heap information), id 0xc0000005, EXCEPTION_ACCESS_VIOLATION (0xc0000005) at pc=0x00007ffdee5ce739]

GC Heap History (0 events):
No events

Dll operation events (1 events):
Event: 0.013 Loaded shared library C:\Users\ThinkPad\.jdks\corretto-17.0.5\bin\java.dll

Deoptimization events (0 events):
No events

Classes unloaded (0 events):
No events

Classes redefined (0 events):
No events

Internal exceptions (0 events):
No events

VM Operations (0 events):
No events

Events (0 events):
No events


Dynamic libraries:
0x00007ff6619f0000 - 0x00007ff6619fd000 	C:\Users\ThinkPad\.jdks\corretto-17.0.5\bin\java.exe
0x00007ffe66c10000 - 0x00007ffe66e08000 	C:\Windows\SYSTEM32\ntdll.dll
0x00007ffe65ef0000 - 0x00007ffe65faf000 	C:\Windows\System32\KERNEL32.DLL
0x00007ffe644a0000 - 0x00007ffe64796000 	C:\Windows\System32\KERNELBASE.dll
0x00007ffe64b40000 - 0x00007ffe64c40000 	C:\Windows\System32\ucrtbase.dll
0x00007ffe5e150000 - 0x00007ffe5e167000 	C:\Users\ThinkPad\.jdks\corretto-17.0.5\bin\jli.dll
0x00007ffe5e170000 - 0x00007ffe5e185000 	C:\Users\ThinkPad\.jdks\corretto-17.0.5\bin\VCRUNTIME140.dll
0x00007ffe65000000 - 0x00007ffe6519d000 	C:\Windows\System32\USER32.dll
0x00007ffe50f50000 - 0x00007ffe511ea000 	C:\Windows\WinSxS\amd64_microsoft.windows.common-controls_6595b64144ccf1df_6.0.19041.1110_none_60b5254171f9507e\COMCTL32.dll
0x00007ffe64c40000 - 0x00007ffe64c62000 	C:\Windows\System32\win32u.dll
0x00007ffe66160000 - 0x00007ffe6618c000 	C:\Windows\System32\GDI32.dll
0x00007ffe65dc0000 - 0x00007ffe65e5e000 	C:\Windows\System32\msvcrt.dll
0x00007ffe64380000 - 0x00007ffe64495000 	C:\Windows\System32\gdi32full.dll
0x00007ffe64aa0000 - 0x00007ffe64b3d000 	C:\Windows\System32\msvcp_win.dll
0x00007ffe64c70000 - 0x00007ffe64ca0000 	C:\Windows\System32\IMM32.DLL
0x00007ffe357f0000 - 0x00007ffe3588b000 	C:\Users\ThinkPad\.jdks\corretto-17.0.5\bin\msvcp140.dll
0x00007ffdedf30000 - 0x00007ffdeeb44000 	C:\Users\ThinkPad\.jdks\corretto-17.0.5\bin\server\jvm.dll
0x00007ffe657b0000 - 0x00007ffe6585f000 	C:\Windows\System32\ADVAPI32.dll
0x00007ffe66200000 - 0x00007ffe6629c000 	C:\Windows\System32\sechost.dll
0x00007ffe65680000 - 0x00007ffe657a6000 	C:\Windows\System32\RPCRT4.dll
0x00007ffe4f080000 - 0x00007ffe4f0a7000 	C:\Windows\SYSTEM32\WINMM.dll
0x00007ffe5d280000 - 0x00007ffe5d28a000 	C:\Windows\SYSTEM32\VERSION.dll
0x00007ffe48ae0000 - 0x00007ffe48ae9000 	C:\Windows\SYSTEM32\WSOCK32.dll
0x00007ffe66190000 - 0x00007ffe661fb000 	C:\Windows\System32\WS2_32.dll
0x00007ffe62b00000 - 0x00007ffe62b12000 	C:\Windows\SYSTEM32\kernel.appcore.dll
0x00007ffe5c410000 - 0x00007ffe5c41a000 	C:\Users\ThinkPad\.jdks\corretto-17.0.5\bin\jimage.dll
0x00007ffe61050000 - 0x00007ffe61234000 	C:\Windows\SYSTEM32\DBGHELP.DLL
0x00007ffe50b40000 - 0x00007ffe50b74000 	C:\Windows\SYSTEM32\dbgcore.DLL
0x00007ffe642f0000 - 0x00007ffe64372000 	C:\Windows\System32\bcryptPrimitives.dll
0x00007ffe5de10000 - 0x00007ffe5de1e000 	C:\Users\ThinkPad\.jdks\corretto-17.0.5\bin\instrument.dll
0x00007ffe5bc70000 - 0x00007ffe5bc95000 	C:\Users\ThinkPad\.jdks\corretto-17.0.5\bin\java.dll

dbghelp: loaded successfully - version: 4.0.5 - missing functions: none
symbol engine: initialized successfully - sym options: 0x614 - pdb path: .;C:\Users\ThinkPad\.jdks\corretto-17.0.5\bin;C:\Windows\SYSTEM32;C:\Windows\WinSxS\amd64_microsoft.windows.common-controls_6595b64144ccf1df_6.0.19041.1110_none_60b5254171f9507e;C:\Users\ThinkPad\.jdks\corretto-17.0.5\bin\server

VM Arguments:
jvm_args: -XX:TieredStopAtLevel=1 -Dspring.output.ansi.enabled=always -Dcom.sun.management.jmxremote -Dspring.jmx.enabled=true -Dspring.liveBeansView.mbeanDomain -Dspring.application.admin.enabled=true -Dmanagement.endpoints.jmx.exposure.include=* -javaagent:C:\Program Files\JetBrains\IntelliJ IDEA 2022.3.1\lib\idea_rt.jar=54788:C:\Program Files\JetBrains\IntelliJ IDEA 2022.3.1\bin -Dfile.encoding=UTF-8 
java_command: tn.eesprit.gestionevenementback.GestionEvenementBackApplication
java_class_path (initial): C:\Users\ThinkPad\Desktop\bnet\PI2023-main (1)\PI2023-main\GestionEvenementBack\target\classes;C:\Users\ThinkPad\.m2\repository\org\springframework\boot\spring-boot-starter-data-jpa\2.7.6\spring-boot-starter-data-jpa-2.7.6.jar;C:\Users\ThinkPad\.m2\repository\org\springframework\boot\spring-boot-starter-aop\2.7.6\spring-boot-starter-aop-2.7.6.jar;C:\Users\ThinkPad\.m2\repository\org\aspectj\aspectjweaver\1.9.7\aspectjweaver-1.9.7.jar;C:\Users\ThinkPad\.m2\repository\org\springframework\boot\spring-boot-starter-jdbc\2.7.6\spring-boot-starter-jdbc-2.7.6.jar;C:\Users\ThinkPad\.m2\repository\com\zaxxer\HikariCP\4.0.3\HikariCP-4.0.3.jar;C:\Users\ThinkPad\.m2\repository\org\springframework\spring-jdbc\5.3.24\spring-jdbc-5.3.24.jar;C:\Users\ThinkPad\.m2\repository\jakarta\transaction\jakarta.transaction-api\1.3.3\jakarta.transaction-api-1.3.3.jar;C:\Users\ThinkPad\.m2\repository\jakarta\persistence\jakarta.persistence-api\2.2.3\jakarta.persistence-api-2.2.3.jar;C:\Users\ThinkPad\.m2\repository\org\hibernate\hibernate-core\5.6.14.Final\hibernate-core-5.6.14.Final.jar;C:\Users\ThinkPad\.m2\repository\org\jboss\logging\jboss-logging\3.4.3.Final\jboss-logging-3.4.3.Final.jar;C:\Users\ThinkPad\.m2\repository\net\bytebuddy\byte-buddy\1.12.19\byte-buddy-1.12.19.jar;C:\Users\ThinkPad\.m2\repository\antlr\antlr\2.7.7\antlr-2.7.7.jar;C:\Users\ThinkPad\.m2\repository\org\jboss\jandex\2.4.2.Final\jandex-2.4.2.Final.jar;C:\Users\ThinkPad\.m2\repository\com\fasterxml\classmate\1.5.1\classmate-1.5.1.jar;C:\Users\ThinkPad\.m2\repository\org\hibernate\common\hibernate-commons-annotations\5.1.2.Final\hibernate-commons-annotations-5.1.2.Final.jar;C:\Users\ThinkPad\.m2\repository\org\glassfish\jaxb\jaxb-runtime\2.3.7\jaxb-runtime-2.3.7.jar;C:\Users\ThinkPad\.m2\repository\org\glassfish\jaxb\txw2\2.3.7\txw2-2.3.7.jar;C:\Users\ThinkPad\.m2\repository\com\sun\istack\istack-commons-runtime\3.0.12\istack-commons-runtime-3.0.12.jar;C:\Users\ThinkPad\.m2\repository\org\s
Launcher Type: SUN_STANDARD

[Global flags]
     intx CICompilerCount                          = 3                                         {product} {ergonomic}
     uint ConcGCThreads                            = 1                                         {product} {ergonomic}
     uint G1ConcRefinementThreads                  = 4                                         {product} {ergonomic}
   size_t G1HeapRegionSize                         = 2097152                                   {product} {ergonomic}
    uintx GCDrainStackTargetSize                   = 64                                        {product} {ergonomic}
   size_t InitialHeapSize                          = 266338304                                 {product} {ergonomic}
     bool ManagementServer                         = true                                      {product} {command line}
   size_t MarkStackSize                            = 4194304                                   {product} {ergonomic}
   size_t MaxHeapSize                              = 4257218560                                {product} {ergonomic}
   size_t MinHeapDeltaBytes                        = 2097152                                   {product} {ergonomic}
   size_t MinHeapSize                              = 8388608                                   {product} {ergonomic}
    uintx NonProfiledCodeHeapSize                  = 0                                      {pd product} {ergonomic}
     bool ProfileInterpreter                       = false                                  {pd product} {command line}
    uintx ProfiledCodeHeapSize                     = 0                                      {pd product} {ergonomic}
   size_t SoftMaxHeapSize                          = 4257218560                             {manageable} {ergonomic}
     intx TieredStopAtLevel                        = 1                                         {product} {command line}
     bool UseCompressedClassPointers               = true                           {product lp64_product} {ergonomic}
     bool UseCompressedOops                        = true                           {product lp64_product} {ergonomic}
     bool UseG1GC                                  = true                                      {product} {ergonomic}
     bool UseLargePagesIndividualAllocation        = false                                  {pd product} {ergonomic}

Logging:
Log output configuration:
 #0: stdout all=warning uptime,level,tags
 #1: stderr all=off uptime,level,tags

Environment Variables:
PATH=C:\Python311\Scripts\;C:\Python311\;C:\Program Files\Common Files\Oracle\Java\javapath;C:\Python39\Scripts\;C:\Python39\;C:\Windows\system32;C:\Windows;C:\Windows\System32\Wbem;C:\Windows\System32\WindowsPowerShell\v1.0\;C:\Windows\System32\OpenSSH\;C:\ProgramData\chocolatey\bin;C:\Program Files\Git\cmd;C:\Program Files\MongoDB\Tools\100\bin;C:\Program Files\Docker\Docker\resources\bin;C:\ProgramData\DockerDesktop\version-bin;C:\Program Files\PuTTY\;C:\Users\ThinkPad\AppData\Roaming\npm;C:\Program Files\nodejs;C:\Program Files\nodejs\;C:\Program Files\MySQL\MySQL Shell 8.0\bin\;C:\Users\ThinkPad\AppData\Local\Microsoft\WindowsApps;C:\Users\ThinkPad\AppData\Local\Programs\Microsoft VS Code\bin;C:\Program Files\heroku\bin;C:\Users\ThinkPad\AppData\Local\atom\bin;C:\minikube;C:\Program Files (x86)\nodejs;C:\Users\ThinkPad\AppData\Roaming\npm
USERNAME=ThinkPad
OS=Windows_NT
PROCESSOR_IDENTIFIER=Intel64 Family 6 Model 78 Stepping 3, GenuineIntel
TMP=C:\Users\ThinkPad\AppData\Local\Temp
TEMP=C:\Users\ThinkPad\AppData\Local\Temp



---------------  S Y S T E M  ---------------

OS:
 Windows 10 , 64 bit Build 19041 (10.0.19041.2913)
OS uptime: 0 days 19:58 hours
Hyper-V role detected

CPU: total 4 (initial active 4) (2 cores per cpu, 2 threads per core) family 6 model 78 stepping 3 microcode 0xd6, cx8, cmov, fxsr, ht, mmx, 3dnowpref, sse, sse2, sse3, ssse3, sse4.1, sse4.2, popcnt, lzcnt, tsc, tscinvbit, avx, avx2, aes, erms, clmul, bmi1, bmi2, rtm, adx, fma, vzeroupper, clflush, clflushopt, hv

Memory: 4k page, system-wide physical 16239M (1786M free)
TotalPageFile size 22132M (AvailPageFile size 227M)
current process WorkingSet (physical memory assigned to process): 11M, peak: 11M
current process commit charge ("private bytes"): 47M, peak: 301M

vm_info: OpenJDK 64-Bit Server VM (17.0.5+8-LTS) for windows-amd64 JRE (17.0.5+8-LTS), built on Oct 13 2022 05:18:14 by "Administrator" with MS VC++ 15.9 (VS2017)

END.
