#
# There is insufficient memory for the Java Runtime Environment to continue.
# Native memory allocation (mmap) failed to map 65536 bytes for Failed to commit metaspace.
# Possible reasons:
#   The system is out of physical RAM or swap space
#   The process is running with CompressedOops enabled, and the Java Heap may be blocking the growth of the native heap
# Possible solutions:
#   Reduce memory load on the system
#   Increase physical memory or swap space
#   Check if swap backing store is full
#   Decrease Java heap size (-Xmx/-Xms)
#   Decrease number of Java threads
#   Decrease Java thread stack sizes (-Xss)
#   Set larger code cache with -XX:ReservedCodeCacheSize=
#   JVM is running with Zero Based Compressed Oops mode in which the Java heap is
#     placed in the first 32GB address space. The Java Heap base address is the
#     maximum limit for the native heap growth. Please use -XX:HeapBaseMinAddress
#     to set the Java Heap base and to place the Java Heap above 32GB virtual address.
# This output file may be truncated or incomplete.
#
#  Out of Memory Error (virtualSpaceNode.cpp:110), pid=12716, tid=11504
#
# JRE version: OpenJDK Runtime Environment Corretto-17.0.5.8.1 (17.0.5+8) (build 17.0.5+8-LTS)
# Java VM: OpenJDK 64-Bit Server VM Corretto-17.0.5.8.1 (17.0.5+8-LTS, mixed mode, tiered, compressed oops, compressed class ptrs, g1 gc, windows-amd64)
# No core dump will be written. Minidumps are not enabled by default on client versions of Windows
#

---------------  S U M M A R Y ------------

Command Line: C:\Users\ThinkPad\AppData\Local\Temp\surefire15074205007767185238\surefirebooter6212545926228263448.jar C:\Users\ThinkPad\AppData\Local\Temp\surefire15074205007767185238 2023-05-21T18-12-29_313-jvmRun1 surefire15586175712037896574tmp surefire_0613639320945571325tmp

Host: Intel(R) Core(TM) i7-6600U CPU @ 2.60GHz, 4 cores, 15G,  Windows 10 , 64 bit Build 19041 (10.0.19041.2913)
Time: Sun May 21 18:12:31 2023 Paris, Madrid (heure duild 19041 (10.0.19041.2913) elapsed time: 0.187111 seconds (0d 0h 0m 0s)

---------------  T H R E A D  ---------------

Current thread (0x000001bf69da4f30):  JavaThread "main" [_thread_in_vm, id=11504, stack(0x0000000969600000,0x0000000969700000)]

Stack: [0x0000000969600000,0x0000000969700000]
Native frames: (J=compiled Java code, j=interpreted, Vv=VM code, C=native code)
V  [jvm.dll+0x646e0a]
V  [jvm.dll+0x7f7f14]
V  [jvm.dll+0x7f96ce]
V  [jvm.dll+0x7f9d23]
V  [jvm.dll+0x234c98]
V  [jvm.dll+0x7f3fdb]
V  [jvm.dll+0x5ee0e6]
V  [jvm.dll+0x5ee14a]
V  [jvm.dll+0x5f0868]
V  [jvm.dll+0x5eea9d]
V  [jvm.dll+0x5fec09]
V  [jvm.dll+0x5f811e]
V  [jvm.dll+0x368c71]
C  0x000001bf0000c711

Java frames: (J=compiled Java code, j=interpreted, Vv=VM code)
j  sun.net.www.ParseUtil.match(CJJ)Z+0 java.base
j  sun.net.www.ParseUtil.encodePath(Ljava/lang/String;IC)Ljava/lang/String;+139 java.base
j  sun.net.www.ParseUtil.encodePath(Ljava/lang/String;Z)Ljava/lang/String;+17 java.base
j  sun.net.www.ParseUtil.encodePath(Ljava/lang/String;)Ljava/lang/String;+2 java.base
j  sun.net.www.ParseUtil.fileToEncodedURL(Ljava/io/File;)Ljava/net/URL;+6 java.base
j  jdk.internal.loader.URLClassPath.toFileURL(Ljava/lang/String;)Ljava/net/URL;+13 java.base
j  jdk.internal.loader.URLClassPath.<init>(Ljava/lang/String;Z)V+96 java.base
j  jdk.internal.loader.ClassLoaders.<clinit>()V+144 java.base
v  ~StubRoutines::call_stub
j  jdk.internal.loader.BootLoader.loadModule(Ljava/lang/module/ModuleReference;)V+0 java.base
j  jdk.internal.module.ModuleBootstrap.boot2()Ljava/lang/ModuleLayer;+352 java.base
j  jdk.internal.module.ModuleBootstrap.boot()Ljava/lang/ModuleLayer;+64 java.base
j  java.lang.System.initPhase2(ZZ)I+0 java.base
v  ~StubRoutines::call_stub

---------------  P R O C E S S  ---------------

Threads class SMR info:
_java_thread_list=0x000001bf0f845d50, length=10, elements={
0x000001bf69da4f30, 0x000001bf0f81fc70, 0x000001bf0f820d60, 0x000001bf0f86ca20,
0x000001bf0f86d5d0, 0x000001bf0f870090, 0x000001bf0f870a40, 0x000001bf0f871720,
0x000001bf0f8731d0, 0x000001bf0f8ab3a0
}

Java Threads: ( => current thread )
=>0x000001bf69da4f30 JavaThread "main" [_thread_in_vm, id=11504, stack(0x0000000969600000,0x0000000969700000)]
  0x000001bf0f81fc70 JavaThread "Reference Handler" daemon [_thread_blocked, id=6152, stack(0x0000000969d00000,0x0000000969e00000)]
  0x000001bf0f820d60 JavaThread "Finalizer" daemon [_thread_blocked, id=19160, stack(0x0000000969e00000,0x0000000969f00000)]
  0x000001bf0f86ca20 JavaThread "Signal Dispatcher" daemon [_thread_blocked, id=18904, stack(0x0000000969f00000,0x000000096a000000)]
  0x000001bf0f86d5d0 JavaThread "Attach Listener" daemon [_thread_blocked, id=21236, stack(0x000000096a000000,0x000000096a100000)]
  0x000001bf0f870090 JavaThread "Service Thread" daemon [_thread_blocked, id=16032, stack(0x000000096a100000,0x000000096a200000)]
  0x000001bf0f870a40 JavaThread "Monitor Deflation Thread" daemon [_thread_blocked, id=2300, stack(0x000000096a200000,0x000000096a300000)]
  0x000001bf0f871720 JavaThread "C2 CompilerThread0" daemon [_thread_blocked, id=6176, stack(0x000000096a300000,0x000000096a400000)]
  0x000001bf0f8731d0 JavaThread "C1 CompilerThread0" daemon [_thread_blocked, id=20236, stack(0x000000096a400000,0x000000096a500000)]
  0x000001bf0f8ab3a0 JavaThread "Sweeper thread" daemon [_thread_blocked, id=17768, stack(0x000000096a500000,0x000000096a600000)]

Other Threads:
  0x000001bf7d4b8730 VMThread "VM Thread" [stack: 0x0000000969c00000,0x0000000969d00000] [id=14120]
  0x000001bf69e0f090 GCTaskThread "GC Thread#0" [stack: 0x0000000969700000,0x0000000969800000] [id=1652]
  0x000001bf69e205d0 ConcurrentGCThread "G1 Main Marker" [stack: 0x0000000969800000,0x0000000969900000] [id=18952]
  0x000001bf69e20fe0 ConcurrentGCThread "G1 Conc#0" [stack: 0x0000000969900000,0x0000000969a00000] [id=9804]
  0x000001bf69e7da70 ConcurrentGCThread "G1 Refine#0" [stack: 0x0000000969a00000,0x0000000969b00000] [id=19864]
  0x000001bf69e7e490 ConcurrentGCThread "G1 Service" [stack: 0x0000000969b00000,0x0000000969c00000] [id=19584]

Threads with active compile tasks:

VM state: not at safepoint (normal execution)

VM Mutex/Monitor currently owned by a thread:  ([mutex/lock_event])
[0x000001bf69d91d30] Metaspace_lock - owner thread: 0x000001bf69da4f30

Heap address: 0x0000000702400000, size: 4060 MB, Compressed Oops mode: Zero based, Oop shift amount: 3

CDS archive(s) not mapped
Compressed class space mapped at: 0x0000000800000000-0x0000000840000000, reserved size: 1073741824
Narrow klass base: 0x0000000800000000, Narrow klass shift: 0, Narrow klass range: 0x40000000

GC Precious Log:
 CPUs: 4 total, 4 available
 Memory: 16239M
 Large Page Support: Disabled
 NUMA Support: Disabled
 Compressed Oops: Enabled (Zero based)
 Heap Region Size: 2M
 Heap Min Capacity: 8M
 Heap Initial Capacity: 254M
 Heap Max Capacity: 4060M
 Pre-touch: Disabled
 Parallel Workers: 4
 Concurrent Workers: 1
 Concurrent Refinement Workers: 4
 Periodic GC: Disabled

Heap:
 garbage-first heap   total 260096K, used 0K [0x0000000702400000, 0x0000000800000000)
  region size 2048K, 1 young (2048K), 0 survivors (0K)
 Metaspace       used 3262K, committed 3264K, reserved 1056768K
  class space    used 254K, committed 256K, reserved 1048576K

Heap Regions: E=young(eden), S=young(survivor), O=old, HS=humongous(starts), HC=humongous(continues), CS=collection set, F=free, OA=open archive, CA=closed archive, TAMS=top-at-mark-start (previous, next)
|   0|0x0000000702400000, 0x0000000702400000, 0x0000000702600000|  0%| F|  |TAMS 0x0000000702400000, 0x0000000702400000| Untracked 
|   1|0x0000000702600000, 0x0000000702600000, 0x0000000702800000|  0%| F|  |TAMS 0x0000000702600000, 0x0000000702600000| Untracked 
|   2|0x0000000702800000, 0x0000000702800000, 0x0000000702a00000|  0%| F|  |TAMS 0x0000000702800000, 0x0000000702800000| Untracked 
|   3|0x0000000702a00000, 0x0000000702a00000, 0x0000000702c00000|  0%| F|  |TAMS 0x0000000702a00000, 0x0000000702a00000| Untracked 
|   4|0x0000000702c00000, 0x0000000702c00000, 0x0000000702e00000|  0%| F|  |TAMS 0x0000000702c00000, 0x0000000702c00000| Untracked 
|   5|0x0000000702e00000, 0x0000000702e00000, 0x0000000703000000|  0%| F|  |TAMS 0x0000000702e00000, 0x0000000702e00000| Untracked 
|   6|0x0000000703000000, 0x0000000703000000, 0x0000000703200000|  0%| F|  |TAMS 0x0000000703000000, 0x0000000703000000| Untracked 
|   7|0x0000000703200000, 0x0000000703200000, 0x0000000703400000|  0%| F|  |TAMS 0x0000000703200000, 0x0000000703200000| Untracked 
|   8|0x0000000703400000, 0x0000000703400000, 0x0000000703600000|  0%| F|  |TAMS 0x0000000703400000, 0x0000000703400000| Untracked 
|   9|0x0000000703600000, 0x0000000703600000, 0x0000000703800000|  0%| F|  |TAMS 0x0000000703600000, 0x0000000703600000| Untracked 
|  10|0x0000000703800000, 0x0000000703800000, 0x0000000703a00000|  0%| F|  |TAMS 0x0000000703800000, 0x0000000703800000| Untracked 
|  11|0x0000000703a00000, 0x0000000703a00000, 0x0000000703c00000|  0%| F|  |TAMS 0x0000000703a00000, 0x0000000703a00000| Untracked 
|  12|0x0000000703c00000, 0x0000000703c00000, 0x0000000703e00000|  0%| F|  |TAMS 0x0000000703c00000, 0x0000000703c00000| Untracked 
|  13|0x0000000703e00000, 0x0000000703e00000, 0x0000000704000000|  0%| F|  |TAMS 0x0000000703e00000, 0x0000000703e00000| Untracked 
|  14|0x0000000704000000, 0x0000000704000000, 0x0000000704200000|  0%| F|  |TAMS 0x0000000704000000, 0x0000000704000000| Untracked 
|  15|0x0000000704200000, 0x0000000704200000, 0x0000000704400000|  0%| F|  |TAMS 0x0000000704200000, 0x0000000704200000| Untracked 
|  16|0x0000000704400000, 0x0000000704400000, 0x0000000704600000|  0%| F|  |TAMS 0x0000000704400000, 0x0000000704400000| Untracked 
|  17|0x0000000704600000, 0x0000000704600000, 0x0000000704800000|  0%| F|  |TAMS 0x0000000704600000, 0x0000000704600000| Untracked 
|  18|0x0000000704800000, 0x0000000704800000, 0x0000000704a00000|  0%| F|  |TAMS 0x0000000704800000, 0x0000000704800000| Untracked 
|  19|0x0000000704a00000, 0x0000000704a00000, 0x0000000704c00000|  0%| F|  |TAMS 0x0000000704a00000, 0x0000000704a00000| Untracked 
|  20|0x0000000704c00000, 0x0000000704c00000, 0x0000000704e00000|  0%| F|  |TAMS 0x0000000704c00000, 0x0000000704c00000| Untracked 
|  21|0x0000000704e00000, 0x0000000704e00000, 0x0000000705000000|  0%| F|  |TAMS 0x0000000704e00000, 0x0000000704e00000| Untracked 
|  22|0x0000000705000000, 0x0000000705000000, 0x0000000705200000|  0%| F|  |TAMS 0x0000000705000000, 0x0000000705000000| Untracked 
|  23|0x0000000705200000, 0x0000000705200000, 0x0000000705400000|  0%| F|  |TAMS 0x0000000705200000, 0x0000000705200000| Untracked 
|  24|0x0000000705400000, 0x0000000705400000, 0x0000000705600000|  0%| F|  |TAMS 0x0000000705400000, 0x0000000705400000| Untracked 
|  25|0x0000000705600000, 0x0000000705600000, 0x0000000705800000|  0%| F|  |TAMS 0x0000000705600000, 0x0000000705600000| Untracked 
|  26|0x0000000705800000, 0x0000000705800000, 0x0000000705a00000|  0%| F|  |TAMS 0x0000000705800000, 0x0000000705800000| Untracked 
|  27|0x0000000705a00000, 0x0000000705a00000, 0x0000000705c00000|  0%| F|  |TAMS 0x0000000705a00000, 0x0000000705a00000| Untracked 
|  28|0x0000000705c00000, 0x0000000705c00000, 0x0000000705e00000|  0%| F|  |TAMS 0x0000000705c00000, 0x0000000705c00000| Untracked 
|  29|0x0000000705e00000, 0x0000000705e00000, 0x0000000706000000|  0%| F|  |TAMS 0x0000000705e00000, 0x0000000705e00000| Untracked 
|  30|0x0000000706000000, 0x0000000706000000, 0x0000000706200000|  0%| F|  |TAMS 0x0000000706000000, 0x0000000706000000| Untracked 
|  31|0x0000000706200000, 0x0000000706200000, 0x0000000706400000|  0%| F|  |TAMS 0x0000000706200000, 0x0000000706200000| Untracked 
|  32|0x0000000706400000, 0x0000000706400000, 0x0000000706600000|  0%| F|  |TAMS 0x0000000706400000, 0x0000000706400000| Untracked 
|  33|0x0000000706600000, 0x0000000706600000, 0x0000000706800000|  0%| F|  |TAMS 0x0000000706600000, 0x0000000706600000| Untracked 
|  34|0x0000000706800000, 0x0000000706800000, 0x0000000706a00000|  0%| F|  |TAMS 0x0000000706800000, 0x0000000706800000| Untracked 
|  35|0x0000000706a00000, 0x0000000706a00000, 0x0000000706c00000|  0%| F|  |TAMS 0x0000000706a00000, 0x0000000706a00000| Untracked 
|  36|0x0000000706c00000, 0x0000000706c00000, 0x0000000706e00000|  0%| F|  |TAMS 0x0000000706c00000, 0x0000000706c00000| Untracked 
|  37|0x0000000706e00000, 0x0000000706e00000, 0x0000000707000000|  0%| F|  |TAMS 0x0000000706e00000, 0x0000000706e00000| Untracked 
|  38|0x0000000707000000, 0x0000000707000000, 0x0000000707200000|  0%| F|  |TAMS 0x0000000707000000, 0x0000000707000000| Untracked 
|  39|0x0000000707200000, 0x0000000707200000, 0x0000000707400000|  0%| F|  |TAMS 0x0000000707200000, 0x0000000707200000| Untracked 
|  40|0x0000000707400000, 0x0000000707400000, 0x0000000707600000|  0%| F|  |TAMS 0x0000000707400000, 0x0000000707400000| Untracked 
|  41|0x0000000707600000, 0x0000000707600000, 0x0000000707800000|  0%| F|  |TAMS 0x0000000707600000, 0x0000000707600000| Untracked 
|  42|0x0000000707800000, 0x0000000707800000, 0x0000000707a00000|  0%| F|  |TAMS 0x0000000707800000, 0x0000000707800000| Untracked 
|  43|0x0000000707a00000, 0x0000000707a00000, 0x0000000707c00000|  0%| F|  |TAMS 0x0000000707a00000, 0x0000000707a00000| Untracked 
|  44|0x0000000707c00000, 0x0000000707c00000, 0x0000000707e00000|  0%| F|  |TAMS 0x0000000707c00000, 0x0000000707c00000| Untracked 
|  45|0x0000000707e00000, 0x0000000707e00000, 0x0000000708000000|  0%| F|  |TAMS 0x0000000707e00000, 0x0000000707e00000| Untracked 
|  46|0x0000000708000000, 0x0000000708000000, 0x0000000708200000|  0%| F|  |TAMS 0x0000000708000000, 0x0000000708000000| Untracked 
|  47|0x0000000708200000, 0x0000000708200000, 0x0000000708400000|  0%| F|  |TAMS 0x0000000708200000, 0x0000000708200000| Untracked 
|  48|0x0000000708400000, 0x0000000708400000, 0x0000000708600000|  0%| F|  |TAMS 0x0000000708400000, 0x0000000708400000| Untracked 
|  49|0x0000000708600000, 0x0000000708600000, 0x0000000708800000|  0%| F|  |TAMS 0x0000000708600000, 0x0000000708600000| Untracked 
|  50|0x0000000708800000, 0x0000000708800000, 0x0000000708a00000|  0%| F|  |TAMS 0x0000000708800000, 0x0000000708800000| Untracked 
|  51|0x0000000708a00000, 0x0000000708a00000, 0x0000000708c00000|  0%| F|  |TAMS 0x0000000708a00000, 0x0000000708a00000| Untracked 
|  52|0x0000000708c00000, 0x0000000708c00000, 0x0000000708e00000|  0%| F|  |TAMS 0x0000000708c00000, 0x0000000708c00000| Untracked 
|  53|0x0000000708e00000, 0x0000000708e00000, 0x0000000709000000|  0%| F|  |TAMS 0x0000000708e00000, 0x0000000708e00000| Untracked 
|  54|0x0000000709000000, 0x0000000709000000, 0x0000000709200000|  0%| F|  |TAMS 0x0000000709000000, 0x0000000709000000| Untracked 
|  55|0x0000000709200000, 0x0000000709200000, 0x0000000709400000|  0%| F|  |TAMS 0x0000000709200000, 0x0000000709200000| Untracked 
|  56|0x0000000709400000, 0x0000000709400000, 0x0000000709600000|  0%| F|  |TAMS 0x0000000709400000, 0x0000000709400000| Untracked 
|  57|0x0000000709600000, 0x0000000709600000, 0x0000000709800000|  0%| F|  |TAMS 0x0000000709600000, 0x0000000709600000| Untracked 
|  58|0x0000000709800000, 0x0000000709800000, 0x0000000709a00000|  0%| F|  |TAMS 0x0000000709800000, 0x0000000709800000| Untracked 
|  59|0x0000000709a00000, 0x0000000709a00000, 0x0000000709c00000|  0%| F|  |TAMS 0x0000000709a00000, 0x0000000709a00000| Untracked 
|  60|0x0000000709c00000, 0x0000000709c00000, 0x0000000709e00000|  0%| F|  |TAMS 0x0000000709c00000, 0x0000000709c00000| Untracked 
|  61|0x0000000709e00000, 0x0000000709e00000, 0x000000070a000000|  0%| F|  |TAMS 0x0000000709e00000, 0x0000000709e00000| Untracked 
|  62|0x000000070a000000, 0x000000070a000000, 0x000000070a200000|  0%| F|  |TAMS 0x000000070a000000, 0x000000070a000000| Untracked 
|  63|0x000000070a200000, 0x000000070a200000, 0x000000070a400000|  0%| F|  |TAMS 0x000000070a200000, 0x000000070a200000| Untracked 
|  64|0x000000070a400000, 0x000000070a400000, 0x000000070a600000|  0%| F|  |TAMS 0x000000070a400000, 0x000000070a400000| Untracked 
|  65|0x000000070a600000, 0x000000070a600000, 0x000000070a800000|  0%| F|  |TAMS 0x000000070a600000, 0x000000070a600000| Untracked 
|  66|0x000000070a800000, 0x000000070a800000, 0x000000070aa00000|  0%| F|  |TAMS 0x000000070a800000, 0x000000070a800000| Untracked 
|  67|0x000000070aa00000, 0x000000070aa00000, 0x000000070ac00000|  0%| F|  |TAMS 0x000000070aa00000, 0x000000070aa00000| Untracked 
|  68|0x000000070ac00000, 0x000000070ac00000, 0x000000070ae00000|  0%| F|  |TAMS 0x000000070ac00000, 0x000000070ac00000| Untracked 
|  69|0x000000070ae00000, 0x000000070ae00000, 0x000000070b000000|  0%| F|  |TAMS 0x000000070ae00000, 0x000000070ae00000| Untracked 
|  70|0x000000070b000000, 0x000000070b000000, 0x000000070b200000|  0%| F|  |TAMS 0x000000070b000000, 0x000000070b000000| Untracked 
|  71|0x000000070b200000, 0x000000070b200000, 0x000000070b400000|  0%| F|  |TAMS 0x000000070b200000, 0x000000070b200000| Untracked 
|  72|0x000000070b400000, 0x000000070b400000, 0x000000070b600000|  0%| F|  |TAMS 0x000000070b400000, 0x000000070b400000| Untracked 
|  73|0x000000070b600000, 0x000000070b600000, 0x000000070b800000|  0%| F|  |TAMS 0x000000070b600000, 0x000000070b600000| Untracked 
|  74|0x000000070b800000, 0x000000070b800000, 0x000000070ba00000|  0%| F|  |TAMS 0x000000070b800000, 0x000000070b800000| Untracked 
|  75|0x000000070ba00000, 0x000000070ba00000, 0x000000070bc00000|  0%| F|  |TAMS 0x000000070ba00000, 0x000000070ba00000| Untracked 
|  76|0x000000070bc00000, 0x000000070bc00000, 0x000000070be00000|  0%| F|  |TAMS 0x000000070bc00000, 0x000000070bc00000| Untracked 
|  77|0x000000070be00000, 0x000000070be00000, 0x000000070c000000|  0%| F|  |TAMS 0x000000070be00000, 0x000000070be00000| Untracked 
|  78|0x000000070c000000, 0x000000070c000000, 0x000000070c200000|  0%| F|  |TAMS 0x000000070c000000, 0x000000070c000000| Untracked 
|  79|0x000000070c200000, 0x000000070c200000, 0x000000070c400000|  0%| F|  |TAMS 0x000000070c200000, 0x000000070c200000| Untracked 
|  80|0x000000070c400000, 0x000000070c400000, 0x000000070c600000|  0%| F|  |TAMS 0x000000070c400000, 0x000000070c400000| Untracked 
|  81|0x000000070c600000, 0x000000070c600000, 0x000000070c800000|  0%| F|  |TAMS 0x000000070c600000, 0x000000070c600000| Untracked 
|  82|0x000000070c800000, 0x000000070c800000, 0x000000070ca00000|  0%| F|  |TAMS 0x000000070c800000, 0x000000070c800000| Untracked 
|  83|0x000000070ca00000, 0x000000070ca00000, 0x000000070cc00000|  0%| F|  |TAMS 0x000000070ca00000, 0x000000070ca00000| Untracked 
|  84|0x000000070cc00000, 0x000000070cc00000, 0x000000070ce00000|  0%| F|  |TAMS 0x000000070cc00000, 0x000000070cc00000| Untracked 
|  85|0x000000070ce00000, 0x000000070ce00000, 0x000000070d000000|  0%| F|  |TAMS 0x000000070ce00000, 0x000000070ce00000| Untracked 
|  86|0x000000070d000000, 0x000000070d000000, 0x000000070d200000|  0%| F|  |TAMS 0x000000070d000000, 0x000000070d000000| Untracked 
|  87|0x000000070d200000, 0x000000070d200000, 0x000000070d400000|  0%| F|  |TAMS 0x000000070d200000, 0x000000070d200000| Untracked 
|  88|0x000000070d400000, 0x000000070d400000, 0x000000070d600000|  0%| F|  |TAMS 0x000000070d400000, 0x000000070d400000| Untracked 
|  89|0x000000070d600000, 0x000000070d600000, 0x000000070d800000|  0%| F|  |TAMS 0x000000070d600000, 0x000000070d600000| Untracked 
|  90|0x000000070d800000, 0x000000070d800000, 0x000000070da00000|  0%| F|  |TAMS 0x000000070d800000, 0x000000070d800000| Untracked 
|  91|0x000000070da00000, 0x000000070da00000, 0x000000070dc00000|  0%| F|  |TAMS 0x000000070da00000, 0x000000070da00000| Untracked 
|  92|0x000000070dc00000, 0x000000070dc00000, 0x000000070de00000|  0%| F|  |TAMS 0x000000070dc00000, 0x000000070dc00000| Untracked 
|  93|0x000000070de00000, 0x000000070de00000, 0x000000070e000000|  0%| F|  |TAMS 0x000000070de00000, 0x000000070de00000| Untracked 
|  94|0x000000070e000000, 0x000000070e000000, 0x000000070e200000|  0%| F|  |TAMS 0x000000070e000000, 0x000000070e000000| Untracked 
|  95|0x000000070e200000, 0x000000070e200000, 0x000000070e400000|  0%| F|  |TAMS 0x000000070e200000, 0x000000070e200000| Untracked 
|  96|0x000000070e400000, 0x000000070e400000, 0x000000070e600000|  0%| F|  |TAMS 0x000000070e400000, 0x000000070e400000| Untracked 
|  97|0x000000070e600000, 0x000000070e600000, 0x000000070e800000|  0%| F|  |TAMS 0x000000070e600000, 0x000000070e600000| Untracked 
|  98|0x000000070e800000, 0x000000070e800000, 0x000000070ea00000|  0%| F|  |TAMS 0x000000070e800000, 0x000000070e800000| Untracked 
|  99|0x000000070ea00000, 0x000000070ea00000, 0x000000070ec00000|  0%| F|  |TAMS 0x000000070ea00000, 0x000000070ea00000| Untracked 
| 100|0x000000070ec00000, 0x000000070ec00000, 0x000000070ee00000|  0%| F|  |TAMS 0x000000070ec00000, 0x000000070ec00000| Untracked 
| 101|0x000000070ee00000, 0x000000070ee00000, 0x000000070f000000|  0%| F|  |TAMS 0x000000070ee00000, 0x000000070ee00000| Untracked 
| 102|0x000000070f000000, 0x000000070f000000, 0x000000070f200000|  0%| F|  |TAMS 0x000000070f000000, 0x000000070f000000| Untracked 
| 103|0x000000070f200000, 0x000000070f200000, 0x000000070f400000|  0%| F|  |TAMS 0x000000070f200000, 0x000000070f200000| Untracked 
| 104|0x000000070f400000, 0x000000070f400000, 0x000000070f600000|  0%| F|  |TAMS 0x000000070f400000, 0x000000070f400000| Untracked 
| 105|0x000000070f600000, 0x000000070f600000, 0x000000070f800000|  0%| F|  |TAMS 0x000000070f600000, 0x000000070f600000| Untracked 
| 106|0x000000070f800000, 0x000000070f800000, 0x000000070fa00000|  0%| F|  |TAMS 0x000000070f800000, 0x000000070f800000| Untracked 
| 107|0x000000070fa00000, 0x000000070fa00000, 0x000000070fc00000|  0%| F|  |TAMS 0x000000070fa00000, 0x000000070fa00000| Untracked 
| 108|0x000000070fc00000, 0x000000070fc00000, 0x000000070fe00000|  0%| F|  |TAMS 0x000000070fc00000, 0x000000070fc00000| Untracked 
| 109|0x000000070fe00000, 0x000000070fe00000, 0x0000000710000000|  0%| F|  |TAMS 0x000000070fe00000, 0x000000070fe00000| Untracked 
| 110|0x0000000710000000, 0x0000000710000000, 0x0000000710200000|  0%| F|  |TAMS 0x0000000710000000, 0x0000000710000000| Untracked 
| 111|0x0000000710200000, 0x0000000710200000, 0x0000000710400000|  0%| F|  |TAMS 0x0000000710200000, 0x0000000710200000| Untracked 
| 112|0x0000000710400000, 0x0000000710400000, 0x0000000710600000|  0%| F|  |TAMS 0x0000000710400000, 0x0000000710400000| Untracked 
| 113|0x0000000710600000, 0x0000000710600000, 0x0000000710800000|  0%| F|  |TAMS 0x0000000710600000, 0x0000000710600000| Untracked 
| 114|0x0000000710800000, 0x0000000710800000, 0x0000000710a00000|  0%| F|  |TAMS 0x0000000710800000, 0x0000000710800000| Untracked 
| 115|0x0000000710a00000, 0x0000000710a00000, 0x0000000710c00000|  0%| F|  |TAMS 0x0000000710a00000, 0x0000000710a00000| Untracked 
| 116|0x0000000710c00000, 0x0000000710c00000, 0x0000000710e00000|  0%| F|  |TAMS 0x0000000710c00000, 0x0000000710c00000| Untracked 
| 117|0x0000000710e00000, 0x0000000710e00000, 0x0000000711000000|  0%| F|  |TAMS 0x0000000710e00000, 0x0000000710e00000| Untracked 
| 118|0x0000000711000000, 0x0000000711000000, 0x0000000711200000|  0%| F|  |TAMS 0x0000000711000000, 0x0000000711000000| Untracked 
| 119|0x0000000711200000, 0x0000000711200000, 0x0000000711400000|  0%| F|  |TAMS 0x0000000711200000, 0x0000000711200000| Untracked 
| 120|0x0000000711400000, 0x0000000711400000, 0x0000000711600000|  0%| F|  |TAMS 0x0000000711400000, 0x0000000711400000| Untracked 
| 121|0x0000000711600000, 0x0000000711600000, 0x0000000711800000|  0%| F|  |TAMS 0x0000000711600000, 0x0000000711600000| Untracked 
| 122|0x0000000711800000, 0x0000000711800000, 0x0000000711a00000|  0%| F|  |TAMS 0x0000000711800000, 0x0000000711800000| Untracked 
| 123|0x0000000711a00000, 0x0000000711a00000, 0x0000000711c00000|  0%| F|  |TAMS 0x0000000711a00000, 0x0000000711a00000| Untracked 
| 124|0x0000000711c00000, 0x0000000711c00000, 0x0000000711e00000|  0%| F|  |TAMS 0x0000000711c00000, 0x0000000711c00000| Untracked 
| 125|0x0000000711e00000, 0x0000000711e00000, 0x0000000712000000|  0%| F|  |TAMS 0x0000000711e00000, 0x0000000711e00000| Untracked 
| 126|0x0000000712000000, 0x00000007120b8998, 0x0000000712200000| 36%| E|  |TAMS 0x0000000712000000, 0x0000000712000000| Complete 

Card table byte_map: [0x000001bf720a0000,0x000001bf72890000] _byte_map_base: 0x000001bf6e88e000

Marking Bits (Prev, Next): (CMBitMap*) 0x000001bf69e0f6a0, (CMBitMap*) 0x000001bf69e0f6e0
 Prev Bits: [0x000001bf73080000, 0x000001bf76ff0000)
 Next Bits: [0x000001bf76ff0000, 0x000001bf7af60000)

Polling page: 0x000001bf67d50000

Metaspace:

Usage:
  Non-class:      2.94 MB used.
      Class:    254.88 KB used.
       Both:      3.19 MB used.

Virtual space:
  Non-class space:        8.00 MB reserved,       2.94 MB ( 37%) committed,  1 nodes.
      Class space:        1.00 GB reserved,     256.00 KB ( <1%) committed,  1 nodes.
             Both:        1.01 GB reserved,       3.19 MB ( <1%) committed. 

Chunk freelists:
   Non-Class:  0 bytes
       Class:  3.75 MB
        Both:  3.75 MB

MaxMetaspaceSize: unlimited
CompressedClassSpaceSize: 1.00 GB
Initial GC threshold: 21.00 MB
Current GC threshold: 21.00 MB
CDS: off
MetaspaceReclaimPolicy: balanced
 - commit_granule_bytes: 65536.
 - commit_granule_words: 8192.
 - virtual_space_node_default_size: 1048576.
 - enlarge_chunks_in_place: 1.
 - new_chunks_are_fully_committed: 0.
 - uncommit_free_chunks: 1.
 - use_allocation_guard: 0.
 - handle_deallocations: 1.


Internal statistics:

num_allocs_failed_limit: 0.
num_arena_births: 2.
num_arena_deaths: 0.
num_vsnodes_births: 2.
num_vsnodes_deaths: 0.
num_space_committed: 51.
num_space_uncommitted: 0.
num_chunks_returned_to_freelist: 0.
num_chunks_taken_from_freelist: 3.
num_chunk_merges: 0.
num_chunk_splits: 1.
num_chunks_enlarged: 0.
num_purges: 0.
num_inconsistent_stats: 0.

CodeHeap 'non-profiled nmethods': size=120000Kb used=2Kb max_used=2Kb free=119997Kb
 bounds [0x000001bf07ad0000, 0x000001bf07d40000, 0x000001bf0f000000]
CodeHeap 'profiled nmethods': size=120000Kb used=30Kb max_used=30Kb free=119969Kb
 bounds [0x000001bf005a0000, 0x000001bf00810000, 0x000001bf07ad0000]
CodeHeap 'non-nmethods': size=5760Kb used=1027Kb max_used=1038Kb free=4732Kb
 bounds [0x000001bf00000000, 0x000001bf00270000, 0x000001bf005a0000]
 total_blobs=304 nmethods=25 adapters=192
 compilation: enabled
              stopped_count=0, restarted_count=0
 full_count=0

Compilation events (20 events):
Event: 0.170 Thread 0x000001bf0f8731d0 nmethod 16 0x000001bf005a5090 code [0x000001bf005a5240, 0x000001bf005a5428]
Event: 0.170 Thread 0x000001bf0f8731d0   17       3       java.util.AbstractCollection::<init> (5 bytes)
Event: 0.170 Thread 0x000001bf0f8731d0 nmethod 17 0x000001bf005a5510 code [0x000001bf005a56a0, 0x000001bf005a57f8]
Event: 0.171 Thread 0x000001bf0f8731d0   18       3       java.util.ImmutableCollections$AbstractImmutableCollection::<init> (5 bytes)
Event: 0.171 Thread 0x000001bf0f8731d0 nmethod 18 0x000001bf005a5890 code [0x000001bf005a5a40, 0x000001bf005a5bf8]
Event: 0.171 Thread 0x000001bf0f8731d0   19       3       java.util.ImmutableCollections$AbstractImmutableSet::<init> (5 bytes)
Event: 0.171 Thread 0x000001bf0f8731d0 nmethod 19 0x000001bf005a5d10 code [0x000001bf005a5ec0, 0x000001bf005a60f8]
Event: 0.171 Thread 0x000001bf0f8731d0   20       3       java.util.Set::of (68 bytes)
Event: 0.172 Thread 0x000001bf0f8731d0 nmethod 20 0x000001bf005a6210 code [0x000001bf005a6440, 0x000001bf005a6c88]
Event: 0.174 Thread 0x000001bf0f871720 nmethod 15 0x000001bf07ad0010 code [0x000001bf07ad0180, 0x000001bf07ad02f8]
Event: 0.175 Thread 0x000001bf0f8731d0   21       3       java.lang.String::coder (15 bytes)
Event: 0.175 Thread 0x000001bf0f8731d0 nmethod 21 0x000001bf005a6f10 code [0x000001bf005a70a0, 0x000001bf005a71d8]
Event: 0.175 Thread 0x000001bf0f8731d0   22       3       java.lang.String::length (11 bytes)
Event: 0.176 Thread 0x000001bf0f8731d0 nmethod 22 0x000001bf005a7290 code [0x000001bf005a7420, 0x000001bf005a75b8]
Event: 0.176 Thread 0x000001bf0f8731d0   23       1       java.lang.module.ModuleDescriptor::name (5 bytes)
Event: 0.176 Thread 0x000001bf0f8731d0 nmethod 23 0x000001bf07ad0410 code [0x000001bf07ad05a0, 0x000001bf07ad0678]
Event: 0.177 Thread 0x000001bf0f8731d0   24       3       java.lang.String::isLatin1 (19 bytes)
Event: 0.177 Thread 0x000001bf0f8731d0 nmethod 24 0x000001bf005a7690 code [0x000001bf005a7820, 0x000001bf005a7998]
Event: 0.177 Thread 0x000001bf0f8731d0   25       1       java.lang.module.ModuleReference::descriptor (5 bytes)
Event: 0.177 Thread 0x000001bf0f8731d0 nmethod 25 0x000001bf07ad0710 code [0x000001bf07ad08a0, 0x000001bf07ad0978]

GC Heap History (0 events):
No events

Dll operation events (2 events):
Event: 0.034 Loaded shared library C:\Users\ThinkPad\.jdks\corretto-17.0.5\bin\java.dll
Event: 0.089 Loaded shared library C:\Users\ThinkPad\.jdks\corretto-17.0.5\bin\jsvml.dll

Deoptimization events (0 events):
No events

Classes unloaded (0 events):
No events

Classes redefined (0 events):
No events

Internal exceptions (0 events):
No events

VM Operations (0 events):
No events

Events (20 events):
Event: 0.181 loading class java/security/ProtectionDomain$Key
Event: 0.181 loading class java/security/ProtectionDomain$Key done
Event: 0.181 loading class java/security/Principal
Event: 0.181 loading class java/security/Principal done
Event: 0.181 loading class jdk/internal/loader/URLClassPath
Event: 0.181 loading class jdk/internal/loader/URLClassPath done
Event: 0.181 loading class java/net/URL$DefaultFactory
Event: 0.181 loading class java/net/URLStreamHandlerFactory
Event: 0.181 loading class java/net/URLStreamHandlerFactory done
Event: 0.182 loading class java/net/URL$DefaultFactory done
Event: 0.182 loading class java/net/URL$3
Event: 0.182 loading class jdk/internal/access/JavaNetURLAccess
Event: 0.182 loading class jdk/internal/access/JavaNetURLAccess done
Event: 0.182 loading class java/net/URL$3 done
Event: 0.182 loading class java/io/File$PathStatus
Event: 0.182 loading class java/io/File$PathStatus done
Event: 0.183 loading class sun/net/www/ParseUtil
Event: 0.183 loading class sun/net/www/ParseUtil done
Event: 0.183 loading class java/util/HexFormat
Event: 0.184 loading class java/util/HexFormat done


Dynamic libraries:
0x00007ff6619f0000 - 0x00007ff6619fd000 	C:\Users\ThinkPad\.jdks\corretto-17.0.5\bin\java.exe
0x00007ffe66c10000 - 0x00007ffe66e08000 	C:\Windows\SYSTEM32\ntdll.dll
0x00007ffe65ef0000 - 0x00007ffe65faf000 	C:\Windows\System32\KERNEL32.DLL
0x00007ffe644a0000 - 0x00007ffe64796000 	C:\Windows\System32\KERNELBASE.dll
0x00007ffe64b40000 - 0x00007ffe64c40000 	C:\Windows\System32\ucrtbase.dll
0x00007ffe5e170000 - 0x00007ffe5e185000 	C:\Users\ThinkPad\.jdks\corretto-17.0.5\bin\VCRUNTIME140.dll
0x00007ffe5e150000 - 0x00007ffe5e167000 	C:\Users\ThinkPad\.jdks\corretto-17.0.5\bin\jli.dll
0x00007ffe65000000 - 0x00007ffe6519d000 	C:\Windows\System32\USER32.dll
0x00007ffe64c40000 - 0x00007ffe64c62000 	C:\Windows\System32\win32u.dll
0x00007ffe66160000 - 0x00007ffe6618c000 	C:\Windows\System32\GDI32.dll
0x00007ffe64380000 - 0x00007ffe64495000 	C:\Windows\System32\gdi32full.dll
0x00007ffe64aa0000 - 0x00007ffe64b3d000 	C:\Windows\System32\msvcp_win.dll
0x00007ffe50f50000 - 0x00007ffe511ea000 	C:\Windows\WinSxS\amd64_microsoft.windows.common-controls_6595b64144ccf1df_6.0.19041.1110_none_60b5254171f9507e\COMCTL32.dll
0x00007ffe65dc0000 - 0x00007ffe65e5e000 	C:\Windows\System32\msvcrt.dll
0x00007ffe64c70000 - 0x00007ffe64ca0000 	C:\Windows\System32\IMM32.DLL
0x00007ffe357f0000 - 0x00007ffe3588b000 	C:\Users\ThinkPad\.jdks\corretto-17.0.5\bin\msvcp140.dll
0x00007ffdedf30000 - 0x00007ffdeeb44000 	C:\Users\ThinkPad\.jdks\corretto-17.0.5\bin\server\jvm.dll
0x00007ffe657b0000 - 0x00007ffe6585f000 	C:\Windows\System32\ADVAPI32.dll
0x00007ffe66200000 - 0x00007ffe6629c000 	C:\Windows\System32\sechost.dll
0x00007ffe65680000 - 0x00007ffe657a6000 	C:\Windows\System32\RPCRT4.dll
0x00007ffe48ae0000 - 0x00007ffe48ae9000 	C:\Windows\SYSTEM32\WSOCK32.dll
0x00007ffe66190000 - 0x00007ffe661fb000 	C:\Windows\System32\WS2_32.dll
0x00007ffe4f080000 - 0x00007ffe4f0a7000 	C:\Windows\SYSTEM32\WINMM.dll
0x00007ffe5d280000 - 0x00007ffe5d28a000 	C:\Windows\SYSTEM32\VERSION.dll
0x00007ffe62b00000 - 0x00007ffe62b12000 	C:\Windows\SYSTEM32\kernel.appcore.dll
0x00007ffe5c410000 - 0x00007ffe5c41a000 	C:\Users\ThinkPad\.jdks\corretto-17.0.5\bin\jimage.dll
0x00007ffe61050000 - 0x00007ffe61234000 	C:\Windows\SYSTEM32\DBGHELP.DLL
0x00007ffe50b40000 - 0x00007ffe50b74000 	C:\Windows\SYSTEM32\dbgcore.DLL
0x00007ffe642f0000 - 0x00007ffe64372000 	C:\Windows\System32\bcryptPrimitives.dll
0x00007ffe5bc70000 - 0x00007ffe5bc95000 	C:\Users\ThinkPad\.jdks\corretto-17.0.5\bin\java.dll
0x00007ffe35710000 - 0x00007ffe357e6000 	C:\Users\ThinkPad\.jdks\corretto-17.0.5\bin\jsvml.dll
0x00007ffe66320000 - 0x00007ffe66a64000 	C:\Windows\System32\SHELL32.dll
0x00007ffe61930000 - 0x00007ffe620c3000 	C:\Windows\SYSTEM32\windows.storage.dll
0x00007ffe65a60000 - 0x00007ffe65db4000 	C:\Windows\System32\combase.dll
0x00007ffe63c70000 - 0x00007ffe63c9e000 	C:\Windows\SYSTEM32\Wldp.dll
0x00007ffe66b20000 - 0x00007ffe66bcd000 	C:\Windows\System32\SHCORE.dll
0x00007ffe64ca0000 - 0x00007ffe64cf5000 	C:\Windows\System32\shlwapi.dll
0x00007ffe64230000 - 0x00007ffe6424f000 	C:\Windows\SYSTEM32\profapi.dll

dbghelp: loaded successfully - version: 4.0.5 - missing functions: none
symbol engine: initialized successfully - sym options: 0x614 - pdb path: .;C:\Users\ThinkPad\.jdks\corretto-17.0.5\bin;C:\Windows\SYSTEM32;C:\Windows\WinSxS\amd64_microsoft.windows.common-controls_6595b64144ccf1df_6.0.19041.1110_none_60b5254171f9507e;C:\Users\ThinkPad\.jdks\corretto-17.0.5\bin\server

VM Arguments:
java_command: C:\Users\ThinkPad\AppData\Local\Temp\surefire15074205007767185238\surefirebooter6212545926228263448.jar C:\Users\ThinkPad\AppData\Local\Temp\surefire15074205007767185238 2023-05-21T18-12-29_313-jvmRun1 surefire15586175712037896574tmp surefire_0613639320945571325tmp
java_class_path (initial): C:\Users\ThinkPad\AppData\Local\Temp\surefire15074205007767185238\surefirebooter6212545926228263448.jar
Launcher Type: SUN_STANDARD

[Global flags]
     intx CICompilerCount                          = 3                                         {product} {ergonomic}
     uint ConcGCThreads                            = 1                                         {product} {ergonomic}
     uint G1ConcRefinementThreads                  = 4                                         {product} {ergonomic}
   size_t G1HeapRegionSize                         = 2097152                                   {product} {ergonomic}
    uintx GCDrainStackTargetSize                   = 64                                        {product} {ergonomic}
   size_t InitialHeapSize                          = 266338304                                 {product} {ergonomic}
   size_t MarkStackSize                            = 4194304                                   {product} {ergonomic}
   size_t MaxHeapSize                              = 4257218560                                {product} {ergonomic}
   size_t MaxNewSize                               = 2554331136                                {product} {ergonomic}
   size_t MinHeapDeltaBytes                        = 2097152                                   {product} {ergonomic}
   size_t MinHeapSize                              = 8388608                                   {product} {ergonomic}
    uintx NonNMethodCodeHeapSize                   = 5832780                                {pd product} {ergonomic}
    uintx NonProfiledCodeHeapSize                  = 122912730                              {pd product} {ergonomic}
    uintx ProfiledCodeHeapSize                     = 122912730                              {pd product} {ergonomic}
    uintx ReservedCodeCacheSize                    = 251658240                              {pd product} {ergonomic}
     bool SegmentedCodeCache                       = true                                      {product} {ergonomic}
   size_t SoftMaxHeapSize                          = 4257218560                             {manageable} {ergonomic}
     bool UseCompressedClassPointers               = true                           {product lp64_product} {ergonomic}
     bool UseCompressedOops                        = true                           {product lp64_product} {ergonomic}
     bool UseG1GC                                  = true                                      {product} {ergonomic}
     bool UseLargePagesIndividualAllocation        = false                                  {pd product} {ergonomic}

Logging:
Log output configuration:
 #0: stdout all=warning uptime,level,tags
 #1: stderr all=off uptime,level,tags

Environment Variables:
PATH=C:\Python311\Scripts\;C:\Python311\;C:\Program Files\Common Files\Oracle\Java\javapath;C:\Python39\Scripts\;C:\Python39\;C:\Windows\system32;C:\Windows;C:\Windows\System32\Wbem;C:\Windows\System32\WindowsPowerShell\v1.0\;C:\Windows\System32\OpenSSH\;C:\ProgramData\chocolatey\bin;C:\Program Files\Git\cmd;C:\Program Files\MongoDB\Tools\100\bin;C:\Program Files\Docker\Docker\resources\bin;C:\ProgramData\DockerDesktop\version-bin;C:\Program Files\PuTTY\;C:\Users\ThinkPad\AppData\Roaming\npm;C:\Program Files\nodejs;C:\Program Files\nodejs\;C:\Program Files\MySQL\MySQL Shell 8.0\bin\;C:\Users\ThinkPad\AppData\Local\Microsoft\WindowsApps;C:\Users\ThinkPad\AppData\Local\Programs\Microsoft VS Code\bin;C:\Program Files\heroku\bin;C:\Users\ThinkPad\AppData\Local\atom\bin;C:\minikube;C:\Program Files (x86)\nodejs;C:\Users\ThinkPad\AppData\Roaming\npm
USERNAME=ThinkPad
OS=Windows_NT
PROCESSOR_IDENTIFIER=Intel64 Family 6 Model 78 Stepping 3, GenuineIntel
TMP=C:\Users\ThinkPad\AppData\Local\Temp
TEMP=C:\Users\ThinkPad\AppData\Local\Temp



---------------  S Y S T E M  ---------------

OS:
 Windows 10 , 64 bit Build 19041 (10.0.19041.2913)
OS uptime: 0 days 19:51 hours
Hyper-V role detected

CPU: total 4 (initial active 4) (2 cores per cpu, 2 threads per core) family 6 model 78 stepping 3 microcode 0xd6, cx8, cmov, fxsr, ht, mmx, 3dnowpref, sse, sse2, sse3, ssse3, sse4.1, sse4.2, popcnt, lzcnt, tsc, tscinvbit, avx, avx2, aes, erms, clmul, bmi1, bmi2, rtm, adx, fma, vzeroupper, clflush, clflushopt, hv

Memory: 4k page, system-wide physical 16239M (1865M free)
TotalPageFile size 22113M (AvailPageFile size 0M)
current process WorkingSet (physical memory assigned to process): 25M, peak: 25M
current process commit charge ("private bytes"): 323M, peak: 323M

vm_info: OpenJDK 64-Bit Server VM (17.0.5+8-LTS) for windows-amd64 JRE (17.0.5+8-LTS), built on Oct 13 2022 05:18:14 by "Administrator" with MS VC++ 15.9 (VS2017)

END.
