#
# There is insufficient memory for the Java Runtime Environment to continue.
# Native memory allocation (mmap) failed to map 65536 bytes for Failed to commit metaspace.
# Possible reasons:
#   The system is out of physical RAM or swap space
#   The process is running with CompressedOops enabled, and the Java Heap may be blocking the growth of the native heap
# Possible solutions:
#   Reduce memory load on the system
#   Increase physical memory or swap space
#   Check if swap backing store is full
#   Decrease Java heap size (-Xmx/-Xms)
#   Decrease number of Java threads
#   Decrease Java thread stack sizes (-Xss)
#   Set larger code cache with -XX:ReservedCodeCacheSize=
#   JVM is running with Zero Based Compressed Oops mode in which the Java heap is
#     placed in the first 32GB address space. The Java Heap base address is the
#     maximum limit for the native heap growth. Please use -XX:HeapBaseMinAddress
#     to set the Java Heap base and to place the Java Heap above 32GB virtual address.
# This output file may be truncated or incomplete.
#
#  Out of Memory Error (virtualSpaceNode.cpp:110), pid=15468, tid=11216
#
# JRE version: OpenJDK Runtime Environment Corretto-17.0.5.8.1 (17.0.5+8) (build 17.0.5+8-LTS)
# Java VM: OpenJDK 64-Bit Server VM Corretto-17.0.5.8.1 (17.0.5+8-LTS, mixed mode, emulated-client, sharing, tiered, compressed oops, compressed class ptrs, g1 gc, windows-amd64)
# No core dump will be written. Minidumps are not enabled by default on client versions of Windows
#

---------------  S U M M A R Y ------------

Command Line: -XX:TieredStopAtLevel=1 -Dspring.output.ansi.enabled=always -Dcom.sun.management.jmxremote -Dspring.jmx.enabled=true -Dspring.liveBeansView.mbeanDomain -Dspring.application.admin.enabled=true -Dmanagement.endpoints.jmx.exposure.include=* -javaagent:C:\Program Files\JetBrains\IntelliJ IDEA 2022.3.1\lib\idea_rt.jar=54669:C:\Program Files\JetBrains\IntelliJ IDEA 2022.3.1\bin -Dfile.encoding=UTF-8 tn.eesprit.gestionevenementback.GestionEvenementBackApplication

Host: Intel(R) Core(TM) i7-6600U CPU @ 2.60GHz, 4 cores, 15G,  Windows 10 , 64 bit Build 19041 (10.0.19041.2913)
Time: Sun May 21 18:19:21 2023 Paris, Madrid (heure duild 19041 (10.0.19041.2913) elapsed time: 3.068911 seconds (0d 0h 0m 3s)

---------------  T H R E A D  ---------------

Current thread (0x000002152d5e7e80):  JavaThread "main" [_thread_in_vm, id=11216, stack(0x0000001a3c500000,0x0000001a3c600000)]

Stack: [0x0000001a3c500000,0x0000001a3c600000]
Native frames: (J=compiled Java code, j=interpreted, Vv=VM code, C=native code)
V  [jvm.dll+0x646e0a]
V  [jvm.dll+0x7f7f14]
V  [jvm.dll+0x7f96ce]
V  [jvm.dll+0x7f9d23]
V  [jvm.dll+0x234c98]
V  [jvm.dll+0x7f3fdb]
V  [jvm.dll+0x5ee0e6]
V  [jvm.dll+0x1b46be]
V  [jvm.dll+0x5f0934]
V  [jvm.dll+0x5eea9d]
V  [jvm.dll+0x2296ff]
V  [jvm.dll+0x5f7e65]
V  [jvm.dll+0x1dca66]
V  [jvm.dll+0x1dcef5]
V  [jvm.dll+0x1dd931]
V  [jvm.dll+0x1d3509]
V  [jvm.dll+0x513760]
V  [jvm.dll+0x7760ac]
V  [jvm.dll+0x776194]
V  [jvm.dll+0x3edae5]
V  [jvm.dll+0x3f3671]
C  [java.dll+0x17ec]

Java frames: (J=compiled Java code, j=interpreted, Vv=VM code)
J 1175  java.lang.ClassLoader.defineClass1(Ljava/lang/ClassLoader;Ljava/lang/String;[BIILjava/security/ProtectionDomain;Ljava/lang/String;)Ljava/lang/Class; java.base@17.0.5 (0 bytes) @ 0x00000215354b8263 [0x00000215354b81a0+0x00000000000000c3]
J 1361 c1 java.lang.ClassLoader.defineClass(Ljava/lang/String;[BIILjava/security/ProtectionDomain;)Ljava/lang/Class; java.base@17.0.5 (43 bytes) @ 0x00000215354fedec [0x00000215354fece0+0x000000000000010c]
J 1205 c1 jdk.internal.loader.BuiltinClassLoader.defineClass(Ljava/lang/String;Ljdk/internal/loader/Resource;)Ljava/lang/Class; java.base@17.0.5 (121 bytes) @ 0x00000215354c7174 [0x00000215354c6ca0+0x00000000000004d4]
J 1176 c1 jdk.internal.loader.BuiltinClassLoader.findClassOnClassPathOrNull(Ljava/lang/String;)Ljava/lang/Class; java.base@17.0.5 (64 bytes) @ 0x00000215354b94c4 [0x00000215354b9200+0x00000000000002c4]
J 913 c1 jdk.internal.loader.BuiltinClassLoader.loadClassOrNull(Ljava/lang/String;Z)Ljava/lang/Class; java.base@17.0.5 (143 bytes) @ 0x0000021535446484 [0x0000021535446000+0x0000000000000484]
J 1057 c1 jdk.internal.loader.ClassLoaders$AppClassLoader.loadClass(Ljava/lang/String;Z)Ljava/lang/Class; java.base@17.0.5 (40 bytes) @ 0x00000215354834ac [0x0000021535483360+0x000000000000014c]
J 1054 c1 java.lang.ClassLoader.loadClass(Ljava/lang/String;)Ljava/lang/Class; java.base@17.0.5 (7 bytes) @ 0x00000215354828e4 [0x00000215354828a0+0x0000000000000044]
v  ~StubRoutines::call_stub
J 1175  java.lang.ClassLoader.defineClass1(Ljava/lang/ClassLoader;Ljava/lang/String;[BIILjava/security/ProtectionDomain;Ljava/lang/String;)Ljava/lang/Class; java.base@17.0.5 (0 bytes) @ 0x00000215354b8263 [0x00000215354b81a0+0x00000000000000c3]
J 1361 c1 java.lang.ClassLoader.defineClass(Ljava/lang/String;[BIILjava/security/ProtectionDomain;)Ljava/lang/Class; java.base@17.0.5 (43 bytes) @ 0x00000215354fedec [0x00000215354fece0+0x000000000000010c]
J 1205 c1 jdk.internal.loader.BuiltinClassLoader.defineClass(Ljava/lang/String;Ljdk/internal/loader/Resource;)Ljava/lang/Class; java.base@17.0.5 (121 bytes) @ 0x00000215354c7174 [0x00000215354c6ca0+0x00000000000004d4]
J 1176 c1 jdk.internal.loader.BuiltinClassLoader.findClassOnClassPathOrNull(Ljava/lang/String;)Ljava/lang/Class; java.base@17.0.5 (64 bytes) @ 0x00000215354b94c4 [0x00000215354b9200+0x00000000000002c4]
J 913 c1 jdk.internal.loader.BuiltinClassLoader.loadClassOrNull(Ljava/lang/String;Z)Ljava/lang/Class; java.base@17.0.5 (143 bytes) @ 0x0000021535446484 [0x0000021535446000+0x0000000000000484]
J 1057 c1 jdk.internal.loader.ClassLoaders$AppClassLoader.loadClass(Ljava/lang/String;Z)Ljava/lang/Class; java.base@17.0.5 (40 bytes) @ 0x00000215354834ac [0x0000021535483360+0x000000000000014c]
J 1054 c1 java.lang.ClassLoader.loadClass(Ljava/lang/String;)Ljava/lang/Class; java.base@17.0.5 (7 bytes) @ 0x00000215354828e4 [0x00000215354828a0+0x0000000000000044]
v  ~StubRoutines::call_stub
J 894  java.lang.Class.forName0(Ljava/lang/String;ZLjava/lang/ClassLoader;Ljava/lang/Class;)Ljava/lang/Class; java.base@17.0.5 (0 bytes) @ 0x000002153543ea2f [0x000002153543e9a0+0x000000000000008f]
J 896 c1 java.lang.Class.forName(Ljava/lang/String;ZLjava/lang/ClassLoader;)Ljava/lang/Class; java.base@17.0.5 (47 bytes) @ 0x000002153543f73c [0x000002153543f640+0x00000000000000fc]
J 2381 c1 org.springframework.util.ClassUtils.forName(Ljava/lang/String;Ljava/lang/ClassLoader;)Ljava/lang/Class; (247 bytes) @ 0x000002153569e37c [0x000002153569e0e0+0x000000000000029c]
j  org.springframework.util.ClassUtils.isPresent(Ljava/lang/String;Ljava/lang/ClassLoader;)Z+2
j  org.springframework.security.config.annotation.web.configuration.SpringWebMvcImportSelector.selectImports(Lorg/springframework/core/type/AnnotationMetadata;)[Ljava/lang/String;+9
j  org.springframework.context.annotation.ConfigurationClassParser.processImports(Lorg/springframework/context/annotation/ConfigurationClass;Lorg/springframework/context/annotation/ConfigurationClassParser$SourceClass;Ljava/util/Collection;Ljava/util/function/Predicate;Z)V+181
j  org.springframework.context.annotation.ConfigurationClassParser.doProcessConfigurationClass(Lorg/springframework/context/annotation/ConfigurationClass;Lorg/springframework/context/annotation/ConfigurationClassParser$SourceClass;Ljava/util/function/Predicate;)Lorg/springframework/context/annotation/ConfigurationClassParser$SourceClass;+317
j  org.springframework.context.annotation.ConfigurationClassParser.processConfigurationClass(Lorg/springframework/context/annotation/ConfigurationClass;Ljava/util/function/Predicate;)V+106
j  org.springframework.context.annotation.ConfigurationClassParser.parse(Ljava/lang/String;Ljava/lang/String;)V+30
j  org.springframework.context.annotation.ConfigurationClassParser.doProcessConfigurationClass(Lorg/springframework/context/annotation/ConfigurationClass;Lorg/springframework/context/annotation/ConfigurationClassParser$SourceClass;Ljava/util/function/Predicate;)Lorg/springframework/context/annotation/ConfigurationClassParser$SourceClass;+298
j  org.springframework.context.annotation.ConfigurationClassParser.processConfigurationClass(Lorg/springframework/context/annotation/ConfigurationClass;Ljava/util/function/Predicate;)V+106
j  org.springframework.context.annotation.ConfigurationClassParser.parse(Lorg/springframework/core/type/AnnotationMetadata;Ljava/lang/String;)V+13
j  org.springframework.context.annotation.ConfigurationClassParser.parse(Ljava/util/Set;)V+55
j  org.springframework.context.annotation.ConfigurationClassPostProcessor.processConfigBeanDefinitions(Lorg/springframework/beans/factory/support/BeanDefinitionRegistry;)V+308
j  org.springframework.context.annotation.ConfigurationClassPostProcessor.postProcessBeanDefinitionRegistry(Lorg/springframework/beans/factory/support/BeanDefinitionRegistry;)V+107
j  org.springframework.context.support.PostProcessorRegistrationDelegate.invokeBeanDefinitionRegistryPostProcessors(Ljava/util/Collection;Lorg/springframework/beans/factory/support/BeanDefinitionRegistry;Lorg/springframework/core/metrics/ApplicationStartup;)V+59
j  org.springframework.context.support.PostProcessorRegistrationDelegate.invokeBeanFactoryPostProcessors(Lorg/springframework/beans/factory/config/ConfigurableListableBeanFactory;Ljava/util/List;)V+235
j  org.springframework.context.support.AbstractApplicationContext.invokeBeanFactoryPostProcessors(Lorg/springframework/beans/factory/config/ConfigurableListableBeanFactory;)V+5
j  org.springframework.context.support.AbstractApplicationContext.refresh()V+53
j  org.springframework.boot.web.servlet.context.ServletWebServerApplicationContext.refresh()V+1
j  org.springframework.boot.SpringApplication.refresh(Lorg/springframework/context/ConfigurableApplicationContext;)V+1
j  org.springframework.boot.SpringApplication.refreshContext(Lorg/springframework/context/ConfigurableApplicationContext;)V+16
j  org.springframework.boot.SpringApplication.run([Ljava/lang/String;)Lorg/springframework/context/ConfigurableApplicationContext;+107
j  org.springframework.boot.SpringApplication.run([Ljava/lang/Class;[Ljava/lang/String;)Lorg/springframework/context/ConfigurableApplicationContext;+9
j  org.springframework.boot.SpringApplication.run(Ljava/lang/Class;[Ljava/lang/String;)Lorg/springframework/context/ConfigurableApplicationContext;+9
j  tn.eesprit.gestionevenementback.GestionEvenementBackApplication.main([Ljava/lang/String;)V+3
v  ~StubRoutines::call_stub

---------------  P R O C E S S  ---------------

Threads class SMR info:
_java_thread_list=0x0000021546152280, length=17, elements={
0x000002152d5e7e80, 0x0000021543b75f50, 0x0000021543b76cd0, 0x0000021543b87e10,
0x0000021543b888d0, 0x0000021543b8c2b0, 0x0000021543b8cb70, 0x0000021543b92500,
0x0000021543b92e00, 0x0000021543b57af0, 0x0000021543b57fc0, 0x0000021543b58580,
0x000002154492c270, 0x000002154492cb50, 0x0000021544bf5310, 0x0000021544ef5f50,
0x0000021544f28060
}

Java Threads: ( => current thread )
=>0x000002152d5e7e80 JavaThread "main" [_thread_in_vm, id=11216, stack(0x0000001a3c500000,0x0000001a3c600000)]
  0x0000021543b75f50 JavaThread "Reference Handler" daemon [_thread_blocked, id=18652, stack(0x0000001a3cc00000,0x0000001a3cd00000)]
  0x0000021543b76cd0 JavaThread "Finalizer" daemon [_thread_blocked, id=11312, stack(0x0000001a3cd00000,0x0000001a3ce00000)]
  0x0000021543b87e10 JavaThread "Signal Dispatcher" daemon [_thread_blocked, id=20048, stack(0x0000001a3ce00000,0x0000001a3cf00000)]
  0x0000021543b888d0 JavaThread "Attach Listener" daemon [_thread_blocked, id=3060, stack(0x0000001a3cf00000,0x0000001a3d000000)]
  0x0000021543b8c2b0 JavaThread "Service Thread" daemon [_thread_blocked, id=18612, stack(0x0000001a3d000000,0x0000001a3d100000)]
  0x0000021543b8cb70 JavaThread "Monitor Deflation Thread" daemon [_thread_blocked, id=16892, stack(0x0000001a3d100000,0x0000001a3d200000)]
  0x0000021543b92500 JavaThread "C1 CompilerThread0" daemon [_thread_blocked, id=20916, stack(0x0000001a3d200000,0x0000001a3d300000)]
  0x0000021543b92e00 JavaThread "Sweeper thread" daemon [_thread_blocked, id=2264, stack(0x0000001a3d300000,0x0000001a3d400000)]
  0x0000021543b57af0 JavaThread "Common-Cleaner" daemon [_thread_blocked, id=15300, stack(0x0000001a3d400000,0x0000001a3d500000)]
  0x0000021543b57fc0 JavaThread "C1 CompilerThread1" daemon [_thread_blocked, id=3008, stack(0x0000001a3d500000,0x0000001a3d600000)]
  0x0000021543b58580 JavaThread "C1 CompilerThread2" daemon [_thread_blocked, id=9936, stack(0x0000001a3d600000,0x0000001a3d700000)]
  0x000002154492c270 JavaThread "Monitor Ctrl-Break" daemon [_thread_in_native, id=8036, stack(0x0000001a3d700000,0x0000001a3d800000)]
  0x000002154492cb50 JavaThread "Notification Thread" daemon [_thread_blocked, id=7492, stack(0x0000001a3d800000,0x0000001a3d900000)]
  0x0000021544bf5310 JavaThread "RMI TCP Accept-0" daemon [_thread_in_native, id=12928, stack(0x0000001a3d900000,0x0000001a3da00000)]
  0x0000021544ef5f50 JavaThread "RMI TCP Connection(1)-192.168.1.101" daemon [_thread_in_native, id=20012, stack(0x0000001a3df00000,0x0000001a3e000000)]
  0x0000021544f28060 JavaThread "RMI Scheduler(0)" daemon [_thread_blocked, id=17604, stack(0x0000001a3e000000,0x0000001a3e100000)]

Other Threads:
  0x0000021543b70b80 VMThread "VM Thread" [stack: 0x0000001a3cb00000,0x0000001a3cc00000] [id=15384]
  0x000002152d5e8e30 WatcherThread [stack: 0x0000001a3da00000,0x0000001a3db00000] [id=10348]
  0x000002152d64dc90 GCTaskThread "GC Thread#0" [stack: 0x0000001a3c600000,0x0000001a3c700000] [id=3752]
  0x0000021544c11810 GCTaskThread "GC Thread#1" [stack: 0x0000001a3db00000,0x0000001a3dc00000] [id=17280]
  0x0000021544c29bc0 GCTaskThread "GC Thread#2" [stack: 0x0000001a3dc00000,0x0000001a3dd00000] [id=19664]
  0x0000021544c29e70 GCTaskThread "GC Thread#3" [stack: 0x0000001a3dd00000,0x0000001a3de00000] [id=20308]
  0x000002152d65f8b0 ConcurrentGCThread "G1 Main Marker" [stack: 0x0000001a3c700000,0x0000001a3c800000] [id=10880]
  0x000002152d6601d0 ConcurrentGCThread "G1 Conc#0" [stack: 0x0000001a3c800000,0x0000001a3c900000] [id=15392]
  0x000002152d69f6a0 ConcurrentGCThread "G1 Refine#0" [stack: 0x0000001a3c900000,0x0000001a3ca00000] [id=19500]
  0x0000021544c1dbe0 ConcurrentGCThread "G1 Refine#1" [stack: 0x0000001a3de00000,0x0000001a3df00000] [id=20900]
  0x0000021543a344f0 ConcurrentGCThread "G1 Service" [stack: 0x0000001a3ca00000,0x0000001a3cb00000] [id=21376]

Threads with active compile tasks:

VM state: not at safepoint (normal execution)

VM Mutex/Monitor currently owned by a thread:  ([mutex/lock_event])
[0x000002152d5e3a40] Metaspace_lock - owner thread: 0x000002152d5e7e80

OutOfMemory and StackOverflow Exception counts:
OutOfMemoryError java_heap_errors=2
LinkageErrors=54

Heap address: 0x0000000702400000, size: 4060 MB, Compressed Oops mode: Zero based, Oop shift amount: 3

CDS archive(s) mapped at: [0x0000000800000000-0x0000000800bc0000-0x0000000800bc0000), size 12320768, SharedBaseAddress: 0x0000000800000000, ArchiveRelocationMode: 0.
Compressed class space mapped at: 0x0000000800c00000-0x0000000840c00000, reserved size: 1073741824
Narrow klass base: 0x0000000800000000, Narrow klass shift: 0, Narrow klass range: 0x100000000

GC Precious Log:
 CPUs: 4 total, 4 available
 Memory: 16239M
 Large Page Support: Disabled
 NUMA Support: Disabled
 Compressed Oops: Enabled (Zero based)
 Heap Region Size: 2M
 Heap Min Capacity: 8M
 Heap Initial Capacity: 254M
 Heap Max Capacity: 4060M
 Pre-touch: Disabled
 Parallel Workers: 4
 Concurrent Workers: 1
 Concurrent Refinement Workers: 4
 Periodic GC: Disabled

Heap:
 garbage-first heap   total 260096K, used 50134K [0x0000000702400000, 0x0000000800000000)
  region size 2048K, 23 young (47104K), 2 survivors (4096K)
 Metaspace       used 19743K, committed 19968K, reserved 1073152K
  class space    used 2719K, committed 2816K, reserved 1048576K

Heap Regions: E=young(eden), S=young(survivor), O=old, HS=humongous(starts), HC=humongous(continues), CS=collection set, F=free, OA=open archive, CA=closed archive, TAMS=top-at-mark-start (previous, next)
|   0|0x0000000702400000, 0x0000000702600000, 0x0000000702600000|100%| O|  |TAMS 0x0000000702400000, 0x0000000702400000| Untracked 
|   1|0x0000000702600000, 0x0000000702800000, 0x0000000702800000|100%| O|  |TAMS 0x0000000702600000, 0x0000000702600000| Untracked 
|   2|0x0000000702800000, 0x00000007029c2600, 0x0000000702a00000| 87%| O|  |TAMS 0x0000000702800000, 0x0000000702800000| Untracked 
|   3|0x0000000702a00000, 0x0000000702a00000, 0x0000000702c00000|  0%| F|  |TAMS 0x0000000702a00000, 0x0000000702a00000| Untracked 
|   4|0x0000000702c00000, 0x0000000702c00000, 0x0000000702e00000|  0%| F|  |TAMS 0x0000000702c00000, 0x0000000702c00000| Untracked 
|   5|0x0000000702e00000, 0x0000000702e00000, 0x0000000703000000|  0%| F|  |TAMS 0x0000000702e00000, 0x0000000702e00000| Untracked 
|   6|0x0000000703000000, 0x0000000703000000, 0x0000000703200000|  0%| F|  |TAMS 0x0000000703000000, 0x0000000703000000| Untracked 
|   7|0x0000000703200000, 0x0000000703200000, 0x0000000703400000|  0%| F|  |TAMS 0x0000000703200000, 0x0000000703200000| Untracked 
|   8|0x0000000703400000, 0x0000000703400000, 0x0000000703600000|  0%| F|  |TAMS 0x0000000703400000, 0x0000000703400000| Untracked 
|   9|0x0000000703600000, 0x0000000703600000, 0x0000000703800000|  0%| F|  |TAMS 0x0000000703600000, 0x0000000703600000| Untracked 
|  10|0x0000000703800000, 0x0000000703800000, 0x0000000703a00000|  0%| F|  |TAMS 0x0000000703800000, 0x0000000703800000| Untracked 
|  11|0x0000000703a00000, 0x0000000703a00000, 0x0000000703c00000|  0%| F|  |TAMS 0x0000000703a00000, 0x0000000703a00000| Untracked 
|  12|0x0000000703c00000, 0x0000000703c00000, 0x0000000703e00000|  0%| F|  |TAMS 0x0000000703c00000, 0x0000000703c00000| Untracked 
|  13|0x0000000703e00000, 0x0000000703e00000, 0x0000000704000000|  0%| F|  |TAMS 0x0000000703e00000, 0x0000000703e00000| Untracked 
|  14|0x0000000704000000, 0x0000000704000000, 0x0000000704200000|  0%| F|  |TAMS 0x0000000704000000, 0x0000000704000000| Untracked 
|  15|0x0000000704200000, 0x0000000704200000, 0x0000000704400000|  0%| F|  |TAMS 0x0000000704200000, 0x0000000704200000| Untracked 
|  16|0x0000000704400000, 0x0000000704400000, 0x0000000704600000|  0%| F|  |TAMS 0x0000000704400000, 0x0000000704400000| Untracked 
|  17|0x0000000704600000, 0x0000000704600000, 0x0000000704800000|  0%| F|  |TAMS 0x0000000704600000, 0x0000000704600000| Untracked 
|  18|0x0000000704800000, 0x0000000704800000, 0x0000000704a00000|  0%| F|  |TAMS 0x0000000704800000, 0x0000000704800000| Untracked 
|  19|0x0000000704a00000, 0x0000000704a00000, 0x0000000704c00000|  0%| F|  |TAMS 0x0000000704a00000, 0x0000000704a00000| Untracked 
|  20|0x0000000704c00000, 0x0000000704c00000, 0x0000000704e00000|  0%| F|  |TAMS 0x0000000704c00000, 0x0000000704c00000| Untracked 
|  21|0x0000000704e00000, 0x0000000704e00000, 0x0000000705000000|  0%| F|  |TAMS 0x0000000704e00000, 0x0000000704e00000| Untracked 
|  22|0x0000000705000000, 0x0000000705000000, 0x0000000705200000|  0%| F|  |TAMS 0x0000000705000000, 0x0000000705000000| Untracked 
|  23|0x0000000705200000, 0x0000000705200000, 0x0000000705400000|  0%| F|  |TAMS 0x0000000705200000, 0x0000000705200000| Untracked 
|  24|0x0000000705400000, 0x0000000705400000, 0x0000000705600000|  0%| F|  |TAMS 0x0000000705400000, 0x0000000705400000| Untracked 
|  25|0x0000000705600000, 0x0000000705600000, 0x0000000705800000|  0%| F|  |TAMS 0x0000000705600000, 0x0000000705600000| Untracked 
|  26|0x0000000705800000, 0x0000000705800000, 0x0000000705a00000|  0%| F|  |TAMS 0x0000000705800000, 0x0000000705800000| Untracked 
|  27|0x0000000705a00000, 0x0000000705a00000, 0x0000000705c00000|  0%| F|  |TAMS 0x0000000705a00000, 0x0000000705a00000| Untracked 
|  28|0x0000000705c00000, 0x0000000705c00000, 0x0000000705e00000|  0%| F|  |TAMS 0x0000000705c00000, 0x0000000705c00000| Untracked 
|  29|0x0000000705e00000, 0x0000000705e00000, 0x0000000706000000|  0%| F|  |TAMS 0x0000000705e00000, 0x0000000705e00000| Untracked 
|  30|0x0000000706000000, 0x0000000706000000, 0x0000000706200000|  0%| F|  |TAMS 0x0000000706000000, 0x0000000706000000| Untracked 
|  31|0x0000000706200000, 0x0000000706200000, 0x0000000706400000|  0%| F|  |TAMS 0x0000000706200000, 0x0000000706200000| Untracked 
|  32|0x0000000706400000, 0x0000000706400000, 0x0000000706600000|  0%| F|  |TAMS 0x0000000706400000, 0x0000000706400000| Untracked 
|  33|0x0000000706600000, 0x0000000706600000, 0x0000000706800000|  0%| F|  |TAMS 0x0000000706600000, 0x0000000706600000| Untracked 
|  34|0x0000000706800000, 0x0000000706800000, 0x0000000706a00000|  0%| F|  |TAMS 0x0000000706800000, 0x0000000706800000| Untracked 
|  35|0x0000000706a00000, 0x0000000706a00000, 0x0000000706c00000|  0%| F|  |TAMS 0x0000000706a00000, 0x0000000706a00000| Untracked 
|  36|0x0000000706c00000, 0x0000000706c00000, 0x0000000706e00000|  0%| F|  |TAMS 0x0000000706c00000, 0x0000000706c00000| Untracked 
|  37|0x0000000706e00000, 0x0000000706e00000, 0x0000000707000000|  0%| F|  |TAMS 0x0000000706e00000, 0x0000000706e00000| Untracked 
|  38|0x0000000707000000, 0x0000000707000000, 0x0000000707200000|  0%| F|  |TAMS 0x0000000707000000, 0x0000000707000000| Untracked 
|  39|0x0000000707200000, 0x0000000707200000, 0x0000000707400000|  0%| F|  |TAMS 0x0000000707200000, 0x0000000707200000| Untracked 
|  40|0x0000000707400000, 0x0000000707400000, 0x0000000707600000|  0%| F|  |TAMS 0x0000000707400000, 0x0000000707400000| Untracked 
|  41|0x0000000707600000, 0x0000000707600000, 0x0000000707800000|  0%| F|  |TAMS 0x0000000707600000, 0x0000000707600000| Untracked 
|  42|0x0000000707800000, 0x0000000707800000, 0x0000000707a00000|  0%| F|  |TAMS 0x0000000707800000, 0x0000000707800000| Untracked 
|  43|0x0000000707a00000, 0x0000000707a00000, 0x0000000707c00000|  0%| F|  |TAMS 0x0000000707a00000, 0x0000000707a00000| Untracked 
|  44|0x0000000707c00000, 0x0000000707c00000, 0x0000000707e00000|  0%| F|  |TAMS 0x0000000707c00000, 0x0000000707c00000| Untracked 
|  45|0x0000000707e00000, 0x0000000707e00000, 0x0000000708000000|  0%| F|  |TAMS 0x0000000707e00000, 0x0000000707e00000| Untracked 
|  46|0x0000000708000000, 0x0000000708000000, 0x0000000708200000|  0%| F|  |TAMS 0x0000000708000000, 0x0000000708000000| Untracked 
|  47|0x0000000708200000, 0x0000000708200000, 0x0000000708400000|  0%| F|  |TAMS 0x0000000708200000, 0x0000000708200000| Untracked 
|  48|0x0000000708400000, 0x0000000708400000, 0x0000000708600000|  0%| F|  |TAMS 0x0000000708400000, 0x0000000708400000| Untracked 
|  49|0x0000000708600000, 0x0000000708600000, 0x0000000708800000|  0%| F|  |TAMS 0x0000000708600000, 0x0000000708600000| Untracked 
|  50|0x0000000708800000, 0x0000000708800000, 0x0000000708a00000|  0%| F|  |TAMS 0x0000000708800000, 0x0000000708800000| Untracked 
|  51|0x0000000708a00000, 0x0000000708a00000, 0x0000000708c00000|  0%| F|  |TAMS 0x0000000708a00000, 0x0000000708a00000| Untracked 
|  52|0x0000000708c00000, 0x0000000708c00000, 0x0000000708e00000|  0%| F|  |TAMS 0x0000000708c00000, 0x0000000708c00000| Untracked 
|  53|0x0000000708e00000, 0x0000000708e00000, 0x0000000709000000|  0%| F|  |TAMS 0x0000000708e00000, 0x0000000708e00000| Untracked 
|  54|0x0000000709000000, 0x0000000709000000, 0x0000000709200000|  0%| F|  |TAMS 0x0000000709000000, 0x0000000709000000| Untracked 
|  55|0x0000000709200000, 0x0000000709200000, 0x0000000709400000|  0%| F|  |TAMS 0x0000000709200000, 0x0000000709200000| Untracked 
|  56|0x0000000709400000, 0x0000000709400000, 0x0000000709600000|  0%| F|  |TAMS 0x0000000709400000, 0x0000000709400000| Untracked 
|  57|0x0000000709600000, 0x0000000709600000, 0x0000000709800000|  0%| F|  |TAMS 0x0000000709600000, 0x0000000709600000| Untracked 
|  58|0x0000000709800000, 0x0000000709800000, 0x0000000709a00000|  0%| F|  |TAMS 0x0000000709800000, 0x0000000709800000| Untracked 
|  59|0x0000000709a00000, 0x0000000709a00000, 0x0000000709c00000|  0%| F|  |TAMS 0x0000000709a00000, 0x0000000709a00000| Untracked 
|  60|0x0000000709c00000, 0x0000000709c00000, 0x0000000709e00000|  0%| F|  |TAMS 0x0000000709c00000, 0x0000000709c00000| Untracked 
|  61|0x0000000709e00000, 0x0000000709e00000, 0x000000070a000000|  0%| F|  |TAMS 0x0000000709e00000, 0x0000000709e00000| Untracked 
|  62|0x000000070a000000, 0x000000070a000000, 0x000000070a200000|  0%| F|  |TAMS 0x000000070a000000, 0x000000070a000000| Untracked 
|  63|0x000000070a200000, 0x000000070a200000, 0x000000070a400000|  0%| F|  |TAMS 0x000000070a200000, 0x000000070a200000| Untracked 
|  64|0x000000070a400000, 0x000000070a400000, 0x000000070a600000|  0%| F|  |TAMS 0x000000070a400000, 0x000000070a400000| Untracked 
|  65|0x000000070a600000, 0x000000070a600000, 0x000000070a800000|  0%| F|  |TAMS 0x000000070a600000, 0x000000070a600000| Untracked 
|  66|0x000000070a800000, 0x000000070a800000, 0x000000070aa00000|  0%| F|  |TAMS 0x000000070a800000, 0x000000070a800000| Untracked 
|  67|0x000000070aa00000, 0x000000070aa00000, 0x000000070ac00000|  0%| F|  |TAMS 0x000000070aa00000, 0x000000070aa00000| Untracked 
|  68|0x000000070ac00000, 0x000000070ac00000, 0x000000070ae00000|  0%| F|  |TAMS 0x000000070ac00000, 0x000000070ac00000| Untracked 
|  69|0x000000070ae00000, 0x000000070ae00000, 0x000000070b000000|  0%| F|  |TAMS 0x000000070ae00000, 0x000000070ae00000| Untracked 
|  70|0x000000070b000000, 0x000000070b000000, 0x000000070b200000|  0%| F|  |TAMS 0x000000070b000000, 0x000000070b000000| Untracked 
|  71|0x000000070b200000, 0x000000070b200000, 0x000000070b400000|  0%| F|  |TAMS 0x000000070b200000, 0x000000070b200000| Untracked 
|  72|0x000000070b400000, 0x000000070b400000, 0x000000070b600000|  0%| F|  |TAMS 0x000000070b400000, 0x000000070b400000| Untracked 
|  73|0x000000070b600000, 0x000000070b600000, 0x000000070b800000|  0%| F|  |TAMS 0x000000070b600000, 0x000000070b600000| Untracked 
|  74|0x000000070b800000, 0x000000070b800000, 0x000000070ba00000|  0%| F|  |TAMS 0x000000070b800000, 0x000000070b800000| Untracked 
|  75|0x000000070ba00000, 0x000000070ba00000, 0x000000070bc00000|  0%| F|  |TAMS 0x000000070ba00000, 0x000000070ba00000| Untracked 
|  76|0x000000070bc00000, 0x000000070bc00000, 0x000000070be00000|  0%| F|  |TAMS 0x000000070bc00000, 0x000000070bc00000| Untracked 
|  77|0x000000070be00000, 0x000000070be00000, 0x000000070c000000|  0%| F|  |TAMS 0x000000070be00000, 0x000000070be00000| Untracked 
|  78|0x000000070c000000, 0x000000070c000000, 0x000000070c200000|  0%| F|  |TAMS 0x000000070c000000, 0x000000070c000000| Untracked 
|  79|0x000000070c200000, 0x000000070c200000, 0x000000070c400000|  0%| F|  |TAMS 0x000000070c200000, 0x000000070c200000| Untracked 
|  80|0x000000070c400000, 0x000000070c400000, 0x000000070c600000|  0%| F|  |TAMS 0x000000070c400000, 0x000000070c400000| Untracked 
|  81|0x000000070c600000, 0x000000070c600000, 0x000000070c800000|  0%| F|  |TAMS 0x000000070c600000, 0x000000070c600000| Untracked 
|  82|0x000000070c800000, 0x000000070c800000, 0x000000070ca00000|  0%| F|  |TAMS 0x000000070c800000, 0x000000070c800000| Untracked 
|  83|0x000000070ca00000, 0x000000070ca00000, 0x000000070cc00000|  0%| F|  |TAMS 0x000000070ca00000, 0x000000070ca00000| Untracked 
|  84|0x000000070cc00000, 0x000000070cc00000, 0x000000070ce00000|  0%| F|  |TAMS 0x000000070cc00000, 0x000000070cc00000| Untracked 
|  85|0x000000070ce00000, 0x000000070ce00000, 0x000000070d000000|  0%| F|  |TAMS 0x000000070ce00000, 0x000000070ce00000| Untracked 
|  86|0x000000070d000000, 0x000000070d000000, 0x000000070d200000|  0%| F|  |TAMS 0x000000070d000000, 0x000000070d000000| Untracked 
|  87|0x000000070d200000, 0x000000070d200000, 0x000000070d400000|  0%| F|  |TAMS 0x000000070d200000, 0x000000070d200000| Untracked 
|  88|0x000000070d400000, 0x000000070d400000, 0x000000070d600000|  0%| F|  |TAMS 0x000000070d400000, 0x000000070d400000| Untracked 
|  89|0x000000070d600000, 0x000000070d600000, 0x000000070d800000|  0%| F|  |TAMS 0x000000070d600000, 0x000000070d600000| Untracked 
|  90|0x000000070d800000, 0x000000070d800000, 0x000000070da00000|  0%| F|  |TAMS 0x000000070d800000, 0x000000070d800000| Untracked 
|  91|0x000000070da00000, 0x000000070da00000, 0x000000070dc00000|  0%| F|  |TAMS 0x000000070da00000, 0x000000070da00000| Untracked 
|  92|0x000000070dc00000, 0x000000070dc00000, 0x000000070de00000|  0%| F|  |TAMS 0x000000070dc00000, 0x000000070dc00000| Untracked 
|  93|0x000000070de00000, 0x000000070de00000, 0x000000070e000000|  0%| F|  |TAMS 0x000000070de00000, 0x000000070de00000| Untracked 
|  94|0x000000070e000000, 0x000000070e000000, 0x000000070e200000|  0%| F|  |TAMS 0x000000070e000000, 0x000000070e000000| Untracked 
|  95|0x000000070e200000, 0x000000070e200000, 0x000000070e400000|  0%| F|  |TAMS 0x000000070e200000, 0x000000070e200000| Untracked 
|  96|0x000000070e400000, 0x000000070e400000, 0x000000070e600000|  0%| F|  |TAMS 0x000000070e400000, 0x000000070e400000| Untracked 
|  97|0x000000070e600000, 0x000000070e600000, 0x000000070e800000|  0%| F|  |TAMS 0x000000070e600000, 0x000000070e600000| Untracked 
|  98|0x000000070e800000, 0x000000070e800000, 0x000000070ea00000|  0%| F|  |TAMS 0x000000070e800000, 0x000000070e800000| Untracked 
|  99|0x000000070ea00000, 0x000000070ea00000, 0x000000070ec00000|  0%| F|  |TAMS 0x000000070ea00000, 0x000000070ea00000| Untracked 
| 100|0x000000070ec00000, 0x000000070ec00000, 0x000000070ee00000|  0%| F|  |TAMS 0x000000070ec00000, 0x000000070ec00000| Untracked 
| 101|0x000000070ee00000, 0x000000070ee00000, 0x000000070f000000|  0%| F|  |TAMS 0x000000070ee00000, 0x000000070ee00000| Untracked 
| 102|0x000000070f000000, 0x000000070f000000, 0x000000070f200000|  0%| F|  |TAMS 0x000000070f000000, 0x000000070f000000| Untracked 
| 103|0x000000070f200000, 0x000000070f200000, 0x000000070f400000|  0%| F|  |TAMS 0x000000070f200000, 0x000000070f200000| Untracked 
| 104|0x000000070f400000, 0x000000070f600000, 0x000000070f600000|100%| E|  |TAMS 0x000000070f400000, 0x000000070f400000| Complete 
| 105|0x000000070f600000, 0x000000070f800000, 0x000000070f800000|100%| E|CS|TAMS 0x000000070f600000, 0x000000070f600000| Complete 
| 106|0x000000070f800000, 0x000000070fa00000, 0x000000070fa00000|100%| E|CS|TAMS 0x000000070f800000, 0x000000070f800000| Complete 
| 107|0x000000070fa00000, 0x000000070fc00000, 0x000000070fc00000|100%| E|CS|TAMS 0x000000070fa00000, 0x000000070fa00000| Complete 
| 108|0x000000070fc00000, 0x000000070fe00000, 0x000000070fe00000|100%| E|CS|TAMS 0x000000070fc00000, 0x000000070fc00000| Complete 
| 109|0x000000070fe00000, 0x0000000710000000, 0x0000000710000000|100%| E|CS|TAMS 0x000000070fe00000, 0x000000070fe00000| Complete 
| 110|0x0000000710000000, 0x0000000710200000, 0x0000000710200000|100%| E|CS|TAMS 0x0000000710000000, 0x0000000710000000| Complete 
| 111|0x0000000710200000, 0x0000000710400000, 0x0000000710400000|100%| E|CS|TAMS 0x0000000710200000, 0x0000000710200000| Complete 
| 112|0x0000000710400000, 0x0000000710600000, 0x0000000710600000|100%| E|CS|TAMS 0x0000000710400000, 0x0000000710400000| Complete 
| 113|0x0000000710600000, 0x0000000710800000, 0x0000000710800000|100%| E|CS|TAMS 0x0000000710600000, 0x0000000710600000| Complete 
| 114|0x0000000710800000, 0x0000000710933580, 0x0000000710a00000| 60%| S|CS|TAMS 0x0000000710800000, 0x0000000710800000| Complete 
| 115|0x0000000710a00000, 0x0000000710c00000, 0x0000000710c00000|100%| S|CS|TAMS 0x0000000710a00000, 0x0000000710a00000| Complete 
| 116|0x0000000710c00000, 0x0000000710e00000, 0x0000000710e00000|100%| E|CS|TAMS 0x0000000710c00000, 0x0000000710c00000| Complete 
| 117|0x0000000710e00000, 0x0000000711000000, 0x0000000711000000|100%| E|CS|TAMS 0x0000000710e00000, 0x0000000710e00000| Complete 
| 118|0x0000000711000000, 0x0000000711200000, 0x0000000711200000|100%| E|CS|TAMS 0x0000000711000000, 0x0000000711000000| Complete 
| 119|0x0000000711200000, 0x0000000711400000, 0x0000000711400000|100%| E|CS|TAMS 0x0000000711200000, 0x0000000711200000| Complete 
| 120|0x0000000711400000, 0x0000000711600000, 0x0000000711600000|100%| E|CS|TAMS 0x0000000711400000, 0x0000000711400000| Complete 
| 121|0x0000000711600000, 0x0000000711800000, 0x0000000711800000|100%| E|CS|TAMS 0x0000000711600000, 0x0000000711600000| Complete 
| 122|0x0000000711800000, 0x0000000711a00000, 0x0000000711a00000|100%| E|CS|TAMS 0x0000000711800000, 0x0000000711800000| Complete 
| 123|0x0000000711a00000, 0x0000000711c00000, 0x0000000711c00000|100%| E|CS|TAMS 0x0000000711a00000, 0x0000000711a00000| Complete 
| 124|0x0000000711c00000, 0x0000000711e00000, 0x0000000711e00000|100%| E|CS|TAMS 0x0000000711c00000, 0x0000000711c00000| Complete 
| 125|0x0000000711e00000, 0x0000000712000000, 0x0000000712000000|100%| E|CS|TAMS 0x0000000711e00000, 0x0000000711e00000| Complete 
| 126|0x0000000712000000, 0x0000000712200000, 0x0000000712200000|100%| E|CS|TAMS 0x0000000712000000, 0x0000000712000000| Complete 

Card table byte_map: [0x00000215388d0000,0x00000215390c0000] _byte_map_base: 0x00000215350be000

Marking Bits (Prev, Next): (CMBitMap*) 0x000002152d64f1c0, (CMBitMap*) 0x000002152d64f200
 Prev Bits: [0x00000215398b0000, 0x000002153d820000)
 Next Bits: [0x000002153d820000, 0x0000021541790000)

Polling page: 0x000002152b420000

Metaspace:

Usage:
  Non-class:     16.63 MB used.
      Class:      2.66 MB used.
       Both:     19.28 MB used.

Virtual space:
  Non-class space:       24.00 MB reserved,      16.75 MB ( 70%) committed,  3 nodes.
      Class space:        1.00 GB reserved,       2.75 MB ( <1%) committed,  1 nodes.
             Both:        1.02 GB reserved,      19.50 MB (  2%) committed. 

Chunk freelists:
   Non-Class:  2.55 MB
       Class:  1.27 MB
        Both:  3.81 MB

MaxMetaspaceSize: unlimited
CompressedClassSpaceSize: 1.00 GB
Initial GC threshold: 21.00 MB
Current GC threshold: 21.00 MB
CDS: on
MetaspaceReclaimPolicy: balanced
 - commit_granule_bytes: 65536.
 - commit_granule_words: 8192.
 - virtual_space_node_default_size: 1048576.
 - enlarge_chunks_in_place: 1.
 - new_chunks_are_fully_committed: 0.
 - uncommit_free_chunks: 1.
 - use_allocation_guard: 0.
 - handle_deallocations: 1.


Internal statistics:

num_allocs_failed_limit: 0.
num_arena_births: 282.
num_arena_deaths: 0.
num_vsnodes_births: 4.
num_vsnodes_deaths: 0.
num_space_committed: 312.
num_space_uncommitted: 0.
num_chunks_returned_to_freelist: 0.
num_chunks_taken_from_freelist: 867.
num_chunk_merges: 0.
num_chunk_splits: 597.
num_chunks_enlarged: 459.
num_purges: 0.
num_inconsistent_stats: 0.

CodeCache: size=49152Kb used=6018Kb max_used=6018Kb free=43133Kb
 bounds [0x00000215350e0000, 0x00000215356d0000, 0x00000215380e0000]
 total_blobs=2936 nmethods=2449 adapters=412
 compilation: enabled
              stopped_count=0, restarted_count=0
 full_count=0

Compilation events (20 events):
Event: 3.046 Thread 0x0000021543b57fc0 2441       1       java.util.stream.ReferencePipeline$2::<init> (20 bytes)
Event: 3.046 Thread 0x0000021543b57fc0 nmethod 2441 0x00000215356bbb90 code [0x00000215356bbd20, 0x00000215356bbee8]
Event: 3.046 Thread 0x0000021543b92500 2442       1       java.util.stream.ReferencePipeline$2::opWrapSink (10 bytes)
Event: 3.047 Thread 0x0000021543b92500 nmethod 2442 0x00000215356bbf90 code [0x00000215356bc140, 0x00000215356bc428]
Event: 3.047 Thread 0x0000021543b58580 2443       1       java.util.stream.ReferencePipeline$2$1::<init> (11 bytes)
Event: 3.047 Thread 0x0000021543b58580 nmethod 2443 0x00000215356bc590 code [0x00000215356bc740, 0x00000215356bc9c8]
Event: 3.047 Thread 0x0000021543b57fc0 2444       1       java.util.stream.ReferencePipeline$2$1::begin (13 bytes)
Event: 3.047 Thread 0x0000021543b57fc0 nmethod 2444 0x00000215356bca90 code [0x00000215356bcc20, 0x00000215356bcd08]
Event: 3.050 Thread 0x0000021543b92500 2445       1       java.lang.Class::getConstructor0 (83 bytes)
Event: 3.050 Thread 0x0000021543b92500 nmethod 2445 0x00000215356bcd90 code [0x00000215356bcf80, 0x00000215356bd3b8]
Event: 3.056 Thread 0x0000021543b92500 2446       1       org.springframework.core.io.AbstractFileResolvingResource::<init> (5 bytes)
Event: 3.056 Thread 0x0000021543b92500 nmethod 2446 0x00000215356bd710 code [0x00000215356bd8a0, 0x00000215356bd958]
Event: 3.059 Thread 0x0000021543b58580 2447       1       java.io.OutputStream::flush (1 bytes)
Event: 3.059 Thread 0x0000021543b58580 nmethod 2447 0x00000215356bda10 code [0x00000215356bdba0, 0x00000215356bdc58]
Event: 3.060 Thread 0x0000021543b57fc0 2448       1       java.net.URLConnection::getUseCaches (5 bytes)
Event: 3.060 Thread 0x0000021543b57fc0 nmethod 2448 0x00000215356bdd10 code [0x00000215356bdea0, 0x00000215356bdf78]
Event: 3.060 Thread 0x0000021543b57fc0 2449   !   1       org.springframework.core.io.DefaultResourceLoader::getResource (144 bytes)
Event: 3.061 Thread 0x0000021543b92500 2450   !   1       org.springframework.core.type.filter.AbstractTypeHierarchyTraversingFilter::match (305 bytes)
Event: 3.061 Thread 0x0000021543b57fc0 nmethod 2449 0x00000215356be010 code [0x00000215356be2c0, 0x00000215356beb78]
Event: 3.062 Thread 0x0000021543b92500 nmethod 2450 0x00000215356bef90 code [0x00000215356bf340, 0x00000215356c0088]

GC Heap History (6 events):
Event: 0.831 GC heap before
{Heap before GC invocations=0 (full 0):
 garbage-first heap   total 260096K, used 10240K [0x0000000702400000, 0x0000000800000000)
  region size 2048K, 6 young (12288K), 0 survivors (0K)
 Metaspace       used 4631K, committed 4800K, reserved 1056768K
  class space    used 555K, committed 640K, reserved 1048576K
}
Event: 0.837 GC heap after
{Heap after GC invocations=1 (full 0):
 garbage-first heap   total 260096K, used 5822K [0x0000000702400000, 0x0000000800000000)
  region size 2048K, 1 young (2048K), 1 survivors (2048K)
 Metaspace       used 4631K, committed 4800K, reserved 1056768K
  class space    used 555K, committed 640K, reserved 1048576K
}
Event: 1.155 GC heap before
{Heap before GC invocations=1 (full 0):
 garbage-first heap   total 260096K, used 14014K [0x0000000702400000, 0x0000000800000000)
  region size 2048K, 6 young (12288K), 1 survivors (2048K)
 Metaspace       used 7358K, committed 7552K, reserved 1056768K
  class space    used 923K, committed 1024K, reserved 1048576K
}
Event: 1.159 GC heap after
{Heap after GC invocations=2 (full 0):
 garbage-first heap   total 260096K, used 7803K [0x0000000702400000, 0x0000000800000000)
  region size 2048K, 1 young (2048K), 1 survivors (2048K)
 Metaspace       used 7358K, committed 7552K, reserved 1056768K
  class space    used 923K, committed 1024K, reserved 1048576K
}
Event: 1.676 GC heap before
{Heap before GC invocations=2 (full 0):
 garbage-first heap   total 260096K, used 28283K [0x0000000702400000, 0x0000000800000000)
  region size 2048K, 11 young (22528K), 1 survivors (2048K)
 Metaspace       used 11943K, committed 12224K, reserved 1064960K
  class space    used 1620K, committed 1728K, reserved 1048576K
}
Event: 1.680 GC heap after
{Heap after GC invocations=3 (full 0):
 garbage-first heap   total 260096K, used 9174K [0x0000000702400000, 0x0000000800000000)
  region size 2048K, 2 young (4096K), 2 survivors (4096K)
 Metaspace       used 11943K, committed 12224K, reserved 1064960K
  class space    used 1620K, committed 1728K, reserved 1048576K
}

Dll operation events (12 events):
Event: 0.013 Loaded shared library C:\Users\ThinkPad\.jdks\corretto-17.0.5\bin\java.dll
Event: 0.027 Loaded shared library C:\Users\ThinkPad\.jdks\corretto-17.0.5\bin\jsvml.dll
Event: 0.348 Loaded shared library C:\Users\ThinkPad\.jdks\corretto-17.0.5\bin\zip.dll
Event: 0.351 Loaded shared library C:\Users\ThinkPad\.jdks\corretto-17.0.5\bin\instrument.dll
Event: 0.359 Loaded shared library C:\Users\ThinkPad\.jdks\corretto-17.0.5\bin\net.dll
Event: 0.361 Loaded shared library C:\Users\ThinkPad\.jdks\corretto-17.0.5\bin\nio.dll
Event: 0.364 Loaded shared library C:\Users\ThinkPad\.jdks\corretto-17.0.5\bin\zip.dll
Event: 0.464 Loaded shared library C:\Program Files\JetBrains\IntelliJ IDEA 2022.3.1\bin\breakgen64.dll
Event: 0.470 Loaded shared library C:\Users\ThinkPad\.jdks\corretto-17.0.5\bin\jimage.dll
Event: 0.492 Loaded shared library C:\Users\ThinkPad\.jdks\corretto-17.0.5\bin\management.dll
Event: 0.505 Loaded shared library C:\Users\ThinkPad\.jdks\corretto-17.0.5\bin\management_ext.dll
Event: 0.825 Loaded shared library C:\Users\ThinkPad\.jdks\corretto-17.0.5\bin\verify.dll

Deoptimization events (2 events):
Event: 1.755 Thread 0x000002152d5e7e80 DEOPT PACKING pc=0x00000215355ee179 sp=0x0000001a3c5fd320
Event: 1.755 Thread 0x000002152d5e7e80 DEOPT UNPACKING pc=0x0000021535132b43 sp=0x0000001a3c5fc800 mode 3

Classes unloaded (0 events):
No events

Classes redefined (0 events):
No events

Internal exceptions (20 events):
Event: 1.868 Thread 0x000002152d5e7e80 Exception <a 'java/lang/ClassNotFoundException'{0x000000071175ac30}: org/springframework/core/OrderedCustomizer> (0x000000071175ac30) 
thrown [s\src\hotspot\share\classfile\systemDictionary.cpp, line 256]
Event: 1.868 Thread 0x000002152d5e7e80 Exception <a 'java/lang/ClassNotFoundException'{0x00000007117605e8}: org/springframework/context/ResourceLoaderAwareCustomizer> (0x00000007117605e8) 
thrown [s\src\hotspot\share\classfile\systemDictionary.cpp, line 256]
Event: 1.869 Thread 0x000002152d5e7e80 Exception <a 'java/lang/ClassNotFoundException'{0x00000007117660a8}: org/springframework/beans/factory/AwareCustomizer> (0x00000007117660a8) 
thrown [s\src\hotspot\share\classfile\systemDictionary.cpp, line 256]
Event: 1.869 Thread 0x000002152d5e7e80 Exception <a 'java/lang/ClassNotFoundException'{0x000000071176ab80}: org/springframework/context/ApplicationStartupAwareCustomizer> (0x000000071176ab80) 
thrown [s\src\hotspot\share\classfile\systemDictionary.cpp, line 256]
Event: 1.870 Thread 0x000002152d5e7e80 Exception <a 'java/lang/ClassNotFoundException'{0x00000007117708c8}: org/springframework/beans/factory/AwareCustomizer> (0x00000007117708c8) 
thrown [s\src\hotspot\share\classfile\systemDictionary.cpp, line 256]
Event: 1.870 Thread 0x000002152d5e7e80 Exception <a 'java/lang/ClassNotFoundException'{0x0000000711775478}: org/springframework/beans/factory/BeanClassLoaderAwareCustomizer> (0x0000000711775478) 
thrown [s\src\hotspot\share\classfile\systemDictionary.cpp, line 256]
Event: 1.871 Thread 0x000002152d5e7e80 Exception <a 'java/lang/ClassNotFoundException'{0x000000071177af20}: org/springframework/beans/factory/AwareCustomizer> (0x000000071177af20) 
thrown [s\src\hotspot\share\classfile\systemDictionary.cpp, line 256]
Event: 1.871 Thread 0x000002152d5e7e80 Exception <a 'java/lang/ClassNotFoundException'{0x00000007114fbb98}: org/springframework/context/EnvironmentAwareCustomizer> (0x00000007114fbb98) 
thrown [s\src\hotspot\share\classfile\systemDictionary.cpp, line 256]
Event: 1.872 Thread 0x000002152d5e7e80 Exception <a 'java/lang/ClassNotFoundException'{0x00000007115015d8}: org/springframework/beans/factory/AwareCustomizer> (0x00000007115015d8) 
thrown [s\src\hotspot\share\classfile\systemDictionary.cpp, line 256]
Event: 2.043 Thread 0x000002154508e0c0 Exception <a 'java/lang/NoSuchMethodError'{0x00000007106346f8}: 'java.lang.Object java.lang.invoke.DirectMethodHandle$Holder.invokeStaticInit(java.lang.Object, java.lang.Object, java.lang.Object, java.lang.Object, java.lang.Object)'> (0x00000007106346f8) 
thrown [s\src\hotspot\share\interpreter\linkResolver.cpp, line 759]
Event: 2.159 Thread 0x0000021544ef5f50 Exception <a 'java/lang/reflect/InvocationTargetException'{0x000000071008d400}> (0x000000071008d400) 
thrown [s\src\hotspot\share\runtime\reflection.cpp, line 1121]
Event: 2.343 Thread 0x000002154508e0c0 Exception <a 'java/lang/NoSuchMethodError'{0x000000070f87e010}: 'long java.lang.invoke.DirectMethodHandle$Holder.invokeSpecial(java.lang.Object, java.lang.Object)'> (0x000000070f87e010) 
thrown [s\src\hotspot\share\interpreter\linkResolver.cpp, line 759]
Event: 2.344 Thread 0x000002154508e0c0 Exception <a 'java/lang/NoSuchMethodError'{0x000000070f888ee0}: 'long java.lang.invoke.DirectMethodHandle$Holder.invokeStatic(java.lang.Object, java.lang.Object)'> (0x000000070f888ee0) 
thrown [s\src\hotspot\share\interpreter\linkResolver.cpp, line 759]
Event: 2.345 Thread 0x000002154508e0c0 Exception <a 'java/lang/NoSuchMethodError'{0x000000070f88c4e0}: 'long java.lang.invoke.DirectMethodHandle$Holder.invokeStaticInit(java.lang.Object, java.lang.Object)'> (0x000000070f88c4e0) 
thrown [s\src\hotspot\share\interpreter\linkResolver.cpp, line 759]
Event: 2.346 Thread 0x000002154508e0c0 Exception <a 'java/lang/NoSuchMethodError'{0x000000070f89a088}: 'long java.lang.invoke.DirectMethodHandle$Holder.invokeInterface(java.lang.Object, java.lang.Object)'> (0x000000070f89a088) 
thrown [s\src\hotspot\share\interpreter\linkResolver.cpp, line 759]
Event: 2.347 Thread 0x000002154508e0c0 Exception <a 'java/lang/IncompatibleClassChangeError'{0x000000070f89d618}: Found class java.lang.Object, but interface was expected> (0x000000070f89d618) 
thrown [s\src\hotspot\share\interpreter\linkResolver.cpp, line 826]
Event: 2.360 Thread 0x000002154508e0c0 Exception <a 'java/lang/NoSuchMethodError'{0x000000070f90c6e8}: 'java.lang.Object java.lang.invoke.DirectMethodHandle$Holder.invokeVirtual(java.lang.Object, java.lang.Object, java.lang.Object, java.lang.Object)'> (0x000000070f90c6e8) 
thrown [s\src\hotspot\share\interpreter\linkResolver.cpp, line 759]
Event: 2.666 Thread 0x0000021544ef5f50 Exception <a 'java/lang/reflect/InvocationTargetException'{0x0000000710099c10}> (0x0000000710099c10) 
thrown [s\src\hotspot\share\runtime\reflection.cpp, line 1121]
Event: 3.024 Thread 0x000002152d5e7e80 Exception <a 'java/lang/OutOfMemoryError'{0x000000070f42ab90}> (0x000000070f42ab90) 
thrown [s\src\hotspot\share\prims\jni.cpp, line 535]
Event: 3.025 Thread 0x000002152d5e7e80 Exception <a 'java/lang/OutOfMemoryError'{0x000000070f42e648}> (0x000000070f42e648) 
thrown [s\src\hotspot\share\prims\jni.cpp, line 535]

VM Operations (20 events):
Event: 1.155 Executing VM operation: G1CollectForAllocation
Event: 1.159 Executing VM operation: G1CollectForAllocation done
Event: 1.195 Executing VM operation: HandshakeAllThreads
Event: 1.195 Executing VM operation: HandshakeAllThreads done
Event: 1.419 Executing VM operation: HandshakeAllThreads
Event: 1.419 Executing VM operation: HandshakeAllThreads done
Event: 1.666 Executing VM operation: ICBufferFull
Event: 1.666 Executing VM operation: ICBufferFull done
Event: 1.675 Executing VM operation: G1CollectForAllocation
Event: 1.680 Executing VM operation: G1CollectForAllocation done
Event: 1.766 Executing VM operation: HandshakeAllThreads
Event: 1.766 Executing VM operation: HandshakeAllThreads done
Event: 1.781 Executing VM operation: HandshakeAllThreads
Event: 1.781 Executing VM operation: HandshakeAllThreads done
Event: 1.818 Executing VM operation: HandshakeAllThreads
Event: 1.818 Executing VM operation: HandshakeAllThreads done
Event: 1.888 Executing VM operation: HandshakeAllThreads
Event: 1.888 Executing VM operation: HandshakeAllThreads done
Event: 2.898 Executing VM operation: Cleanup
Event: 2.898 Executing VM operation: Cleanup done

Events (20 events):
Event: 2.058 loading class jdk/xml/internal/JdkProperty done
Event: 2.128 loading class java/beans/ConstructorProperties
Event: 2.128 loading class java/beans/ConstructorProperties done
Event: 2.141 loading class sun/text/resources/cldr/FormatData_en
Event: 2.141 loading class sun/text/resources/cldr/FormatData_en done
Event: 2.141 loading class sun/text/resources/cldr/FormatData_en_US
Event: 2.141 loading class sun/text/resources/cldr/FormatData_en_US done
Event: 2.152 loading class java/io/CharArrayReader
Event: 2.152 loading class java/io/CharArrayReader done
Event: 2.156 Thread 0x0000021546291e90 Thread added: 0x0000021546291e90
Event: 2.161 Thread 0x0000021546291e90 Thread exited: 0x0000021546291e90
Event: 2.172 loading class java/util/concurrent/atomic/AtomicReference
Event: 2.172 loading class java/util/concurrent/atomic/AtomicReference done
Event: 2.331 loading class java/util/regex/Pattern$Pos
Event: 2.331 loading class java/util/regex/Pattern$Pos done
Event: 2.363 Thread 0x000002154508e0c0 Thread exited: 0x000002154508e0c0
Event: 2.663 Thread 0x000002154508e0c0 Thread added: 0x000002154508e0c0
Event: 2.667 Thread 0x000002154508e0c0 Thread exited: 0x000002154508e0c0
Event: 3.024 loading class java/util/zip/DataFormatException
Event: 3.024 loading class java/util/zip/DataFormatException done


Dynamic libraries:
0x00007ff6619f0000 - 0x00007ff6619fd000 	C:\Users\ThinkPad\.jdks\corretto-17.0.5\bin\java.exe
0x00007ffe66c10000 - 0x00007ffe66e08000 	C:\Windows\SYSTEM32\ntdll.dll
0x00007ffe65ef0000 - 0x00007ffe65faf000 	C:\Windows\System32\KERNEL32.DLL
0x00007ffe644a0000 - 0x00007ffe64796000 	C:\Windows\System32\KERNELBASE.dll
0x00007ffe64b40000 - 0x00007ffe64c40000 	C:\Windows\System32\ucrtbase.dll
0x00007ffe5e150000 - 0x00007ffe5e167000 	C:\Users\ThinkPad\.jdks\corretto-17.0.5\bin\jli.dll
0x00007ffe65000000 - 0x00007ffe6519d000 	C:\Windows\System32\USER32.dll
0x00007ffe64c40000 - 0x00007ffe64c62000 	C:\Windows\System32\win32u.dll
0x00007ffe66160000 - 0x00007ffe6618c000 	C:\Windows\System32\GDI32.dll
0x00007ffe64380000 - 0x00007ffe64495000 	C:\Windows\System32\gdi32full.dll
0x00007ffe64aa0000 - 0x00007ffe64b3d000 	C:\Windows\System32\msvcp_win.dll
0x00007ffe5e170000 - 0x00007ffe5e185000 	C:\Users\ThinkPad\.jdks\corretto-17.0.5\bin\VCRUNTIME140.dll
0x00007ffe50f50000 - 0x00007ffe511ea000 	C:\Windows\WinSxS\amd64_microsoft.windows.common-controls_6595b64144ccf1df_6.0.19041.1110_none_60b5254171f9507e\COMCTL32.dll
0x00007ffe65dc0000 - 0x00007ffe65e5e000 	C:\Windows\System32\msvcrt.dll
0x00007ffe64c70000 - 0x00007ffe64ca0000 	C:\Windows\System32\IMM32.DLL
0x00007ffe357f0000 - 0x00007ffe3588b000 	C:\Users\ThinkPad\.jdks\corretto-17.0.5\bin\msvcp140.dll
0x00007ffdedf30000 - 0x00007ffdeeb44000 	C:\Users\ThinkPad\.jdks\corretto-17.0.5\bin\server\jvm.dll
0x00007ffe657b0000 - 0x00007ffe6585f000 	C:\Windows\System32\ADVAPI32.dll
0x00007ffe66200000 - 0x00007ffe6629c000 	C:\Windows\System32\sechost.dll
0x00007ffe65680000 - 0x00007ffe657a6000 	C:\Windows\System32\RPCRT4.dll
0x00007ffe48ae0000 - 0x00007ffe48ae9000 	C:\Windows\SYSTEM32\WSOCK32.dll
0x00007ffe66190000 - 0x00007ffe661fb000 	C:\Windows\System32\WS2_32.dll
0x00007ffe4f080000 - 0x00007ffe4f0a7000 	C:\Windows\SYSTEM32\WINMM.dll
0x00007ffe5d280000 - 0x00007ffe5d28a000 	C:\Windows\SYSTEM32\VERSION.dll
0x00007ffe62b00000 - 0x00007ffe62b12000 	C:\Windows\SYSTEM32\kernel.appcore.dll
0x00007ffe5c410000 - 0x00007ffe5c41a000 	C:\Users\ThinkPad\.jdks\corretto-17.0.5\bin\jimage.dll
0x00007ffe61050000 - 0x00007ffe61234000 	C:\Windows\SYSTEM32\DBGHELP.DLL
0x00007ffe50b40000 - 0x00007ffe50b74000 	C:\Windows\SYSTEM32\dbgcore.DLL
0x00007ffe642f0000 - 0x00007ffe64372000 	C:\Windows\System32\bcryptPrimitives.dll
0x00007ffe5de10000 - 0x00007ffe5de1e000 	C:\Users\ThinkPad\.jdks\corretto-17.0.5\bin\instrument.dll
0x00007ffe5bc70000 - 0x00007ffe5bc95000 	C:\Users\ThinkPad\.jdks\corretto-17.0.5\bin\java.dll
0x00007ffe35710000 - 0x00007ffe357e6000 	C:\Users\ThinkPad\.jdks\corretto-17.0.5\bin\jsvml.dll
0x00007ffe66320000 - 0x00007ffe66a64000 	C:\Windows\System32\SHELL32.dll
0x00007ffe61930000 - 0x00007ffe620c3000 	C:\Windows\SYSTEM32\windows.storage.dll
0x00007ffe65a60000 - 0x00007ffe65db4000 	C:\Windows\System32\combase.dll
0x00007ffe63c70000 - 0x00007ffe63c9e000 	C:\Windows\SYSTEM32\Wldp.dll
0x00007ffe66b20000 - 0x00007ffe66bcd000 	C:\Windows\System32\SHCORE.dll
0x00007ffe64ca0000 - 0x00007ffe64cf5000 	C:\Windows\System32\shlwapi.dll
0x00007ffe64230000 - 0x00007ffe6424f000 	C:\Windows\SYSTEM32\profapi.dll
0x00007ffe3f920000 - 0x00007ffe3f938000 	C:\Users\ThinkPad\.jdks\corretto-17.0.5\bin\zip.dll
0x00007ffe3f960000 - 0x00007ffe3f979000 	C:\Users\ThinkPad\.jdks\corretto-17.0.5\bin\net.dll
0x00007ffe5a440000 - 0x00007ffe5a54a000 	C:\Windows\SYSTEM32\WINHTTP.dll
0x00007ffe63a50000 - 0x00007ffe63aba000 	C:\Windows\system32\mswsock.dll
0x00007ffe3f940000 - 0x00007ffe3f955000 	C:\Users\ThinkPad\.jdks\corretto-17.0.5\bin\nio.dll
0x00007ffe5c840000 - 0x00007ffe5c85a000 	C:\Program Files\JetBrains\IntelliJ IDEA 2022.3.1\bin\breakgen64.dll
0x00007ffe63750000 - 0x00007ffe6381b000 	C:\Windows\SYSTEM32\DNSAPI.dll
0x00007ffe63710000 - 0x00007ffe6374c000 	C:\Windows\SYSTEM32\IPHLPAPI.DLL
0x00007ffe651a0000 - 0x00007ffe651a8000 	C:\Windows\System32\NSI.dll
0x00007ffe54c80000 - 0x00007ffe54c8a000 	C:\Windows\System32\rasadhlp.dll
0x00007ffe5a190000 - 0x00007ffe5a212000 	C:\Windows\System32\fwpuclnt.dll
0x00007ffe649c0000 - 0x00007ffe649e7000 	C:\Windows\System32\bcrypt.dll
0x00007ffe5de00000 - 0x00007ffe5de09000 	C:\Users\ThinkPad\.jdks\corretto-17.0.5\bin\management.dll
0x00007ffe5dd60000 - 0x00007ffe5dd6b000 	C:\Users\ThinkPad\.jdks\corretto-17.0.5\bin\management_ext.dll
0x00007ffe66130000 - 0x00007ffe66138000 	C:\Windows\System32\PSAPI.DLL
0x00007ffe63cb0000 - 0x00007ffe63cc8000 	C:\Windows\SYSTEM32\CRYPTSP.dll
0x00007ffe63320000 - 0x00007ffe63354000 	C:\Windows\system32\rsaenh.dll
0x00007ffe641f0000 - 0x00007ffe6421e000 	C:\Windows\SYSTEM32\USERENV.dll
0x00007ffe63be0000 - 0x00007ffe63bec000 	C:\Windows\SYSTEM32\CRYPTBASE.dll
0x00007ffe5c2a0000 - 0x00007ffe5c2b7000 	C:\Windows\SYSTEM32\dhcpcsvc6.DLL
0x00007ffe5c420000 - 0x00007ffe5c43d000 	C:\Windows\SYSTEM32\dhcpcsvc.DLL
0x00007ffe4d070000 - 0x00007ffe4d087000 	C:\Windows\system32\napinsp.dll
0x00007ffe4d050000 - 0x00007ffe4d06b000 	C:\Windows\system32\pnrpnsp.dll
0x00007ffe4b4b0000 - 0x00007ffe4b4c5000 	C:\Windows\system32\wshbth.dll
0x00007ffe5f090000 - 0x00007ffe5f0ad000 	C:\Windows\system32\NLAapi.dll
0x00007ffe4d030000 - 0x00007ffe4d042000 	C:\Windows\System32\winrnr.dll
0x00007ffe3f8c0000 - 0x00007ffe3f8d0000 	C:\Users\ThinkPad\.jdks\corretto-17.0.5\bin\verify.dll

dbghelp: loaded successfully - version: 4.0.5 - missing functions: none
symbol engine: initialized successfully - sym options: 0x614 - pdb path: .;C:\Users\ThinkPad\.jdks\corretto-17.0.5\bin;C:\Windows\SYSTEM32;C:\Windows\WinSxS\amd64_microsoft.windows.common-controls_6595b64144ccf1df_6.0.19041.1110_none_60b5254171f9507e;C:\Users\ThinkPad\.jdks\corretto-17.0.5\bin\server;C:\Program Files\JetBrains\IntelliJ IDEA 2022.3.1\bin

VM Arguments:
jvm_args: -XX:TieredStopAtLevel=1 -Dspring.output.ansi.enabled=always -Dcom.sun.management.jmxremote -Dspring.jmx.enabled=true -Dspring.liveBeansView.mbeanDomain -Dspring.application.admin.enabled=true -Dmanagement.endpoints.jmx.exposure.include=* -javaagent:C:\Program Files\JetBrains\IntelliJ IDEA 2022.3.1\lib\idea_rt.jar=54669:C:\Program Files\JetBrains\IntelliJ IDEA 2022.3.1\bin -Dfile.encoding=UTF-8 
java_command: tn.eesprit.gestionevenementback.GestionEvenementBackApplication
java_class_path (initial): C:\Users\ThinkPad\Desktop\bnet\PI2023-main (1)\PI2023-main\GestionEvenementBack\target\classes;C:\Users\ThinkPad\.m2\repository\org\springframework\boot\spring-boot-starter-data-jpa\2.7.6\spring-boot-starter-data-jpa-2.7.6.jar;C:\Users\ThinkPad\.m2\repository\org\springframework\boot\spring-boot-starter-aop\2.7.6\spring-boot-starter-aop-2.7.6.jar;C:\Users\ThinkPad\.m2\repository\org\aspectj\aspectjweaver\1.9.7\aspectjweaver-1.9.7.jar;C:\Users\ThinkPad\.m2\repository\org\springframework\boot\spring-boot-starter-jdbc\2.7.6\spring-boot-starter-jdbc-2.7.6.jar;C:\Users\ThinkPad\.m2\repository\com\zaxxer\HikariCP\4.0.3\HikariCP-4.0.3.jar;C:\Users\ThinkPad\.m2\repository\org\springframework\spring-jdbc\5.3.24\spring-jdbc-5.3.24.jar;C:\Users\ThinkPad\.m2\repository\jakarta\transaction\jakarta.transaction-api\1.3.3\jakarta.transaction-api-1.3.3.jar;C:\Users\ThinkPad\.m2\repository\jakarta\persistence\jakarta.persistence-api\2.2.3\jakarta.persistence-api-2.2.3.jar;C:\Users\ThinkPad\.m2\repository\org\hibernate\hibernate-core\5.6.14.Final\hibernate-core-5.6.14.Final.jar;C:\Users\ThinkPad\.m2\repository\org\jboss\logging\jboss-logging\3.4.3.Final\jboss-logging-3.4.3.Final.jar;C:\Users\ThinkPad\.m2\repository\net\bytebuddy\byte-buddy\1.12.19\byte-buddy-1.12.19.jar;C:\Users\ThinkPad\.m2\repository\antlr\antlr\2.7.7\antlr-2.7.7.jar;C:\Users\ThinkPad\.m2\repository\org\jboss\jandex\2.4.2.Final\jandex-2.4.2.Final.jar;C:\Users\ThinkPad\.m2\repository\com\fasterxml\classmate\1.5.1\classmate-1.5.1.jar;C:\Users\ThinkPad\.m2\repository\org\hibernate\common\hibernate-commons-annotations\5.1.2.Final\hibernate-commons-annotations-5.1.2.Final.jar;C:\Users\ThinkPad\.m2\repository\org\glassfish\jaxb\jaxb-runtime\2.3.7\jaxb-runtime-2.3.7.jar;C:\Users\ThinkPad\.m2\repository\org\glassfish\jaxb\txw2\2.3.7\txw2-2.3.7.jar;C:\Users\ThinkPad\.m2\repository\com\sun\istack\istack-commons-runtime\3.0.12\istack-commons-runtime-3.0.12.jar;C:\Users\ThinkPad\.m2\repository\org\s
Launcher Type: SUN_STANDARD

[Global flags]
     intx CICompilerCount                          = 3                                         {product} {ergonomic}
     uint ConcGCThreads                            = 1                                         {product} {ergonomic}
     uint G1ConcRefinementThreads                  = 4                                         {product} {ergonomic}
   size_t G1HeapRegionSize                         = 2097152                                   {product} {ergonomic}
    uintx GCDrainStackTargetSize                   = 64                                        {product} {ergonomic}
   size_t InitialHeapSize                          = 266338304                                 {product} {ergonomic}
     bool ManagementServer                         = true                                      {product} {command line}
   size_t MarkStackSize                            = 4194304                                   {product} {ergonomic}
   size_t MaxHeapSize                              = 4257218560                                {product} {ergonomic}
   size_t MaxNewSize                               = 2554331136                                {product} {ergonomic}
   size_t MinHeapDeltaBytes                        = 2097152                                   {product} {ergonomic}
   size_t MinHeapSize                              = 8388608                                   {product} {ergonomic}
    uintx NonProfiledCodeHeapSize                  = 0                                      {pd product} {ergonomic}
     bool ProfileInterpreter                       = false                                  {pd product} {command line}
    uintx ProfiledCodeHeapSize                     = 0                                      {pd product} {ergonomic}
   size_t SoftMaxHeapSize                          = 4257218560                             {manageable} {ergonomic}
     intx TieredStopAtLevel                        = 1                                         {product} {command line}
     bool UseCompressedClassPointers               = true                           {product lp64_product} {ergonomic}
     bool UseCompressedOops                        = true                           {product lp64_product} {ergonomic}
     bool UseG1GC                                  = true                                      {product} {ergonomic}
     bool UseLargePagesIndividualAllocation        = false                                  {pd product} {ergonomic}

Logging:
Log output configuration:
 #0: stdout all=warning uptime,level,tags
 #1: stderr all=off uptime,level,tags

Environment Variables:
PATH=C:\Python311\Scripts\;C:\Python311\;C:\Program Files\Common Files\Oracle\Java\javapath;C:\Python39\Scripts\;C:\Python39\;C:\Windows\system32;C:\Windows;C:\Windows\System32\Wbem;C:\Windows\System32\WindowsPowerShell\v1.0\;C:\Windows\System32\OpenSSH\;C:\ProgramData\chocolatey\bin;C:\Program Files\Git\cmd;C:\Program Files\MongoDB\Tools\100\bin;C:\Program Files\Docker\Docker\resources\bin;C:\ProgramData\DockerDesktop\version-bin;C:\Program Files\PuTTY\;C:\Users\ThinkPad\AppData\Roaming\npm;C:\Program Files\nodejs;C:\Program Files\nodejs\;C:\Program Files\MySQL\MySQL Shell 8.0\bin\;C:\Users\ThinkPad\AppData\Local\Microsoft\WindowsApps;C:\Users\ThinkPad\AppData\Local\Programs\Microsoft VS Code\bin;C:\Program Files\heroku\bin;C:\Users\ThinkPad\AppData\Local\atom\bin;C:\minikube;C:\Program Files (x86)\nodejs;C:\Users\ThinkPad\AppData\Roaming\npm
USERNAME=ThinkPad
OS=Windows_NT
PROCESSOR_IDENTIFIER=Intel64 Family 6 Model 78 Stepping 3, GenuineIntel
TMP=C:\Users\ThinkPad\AppData\Local\Temp
TEMP=C:\Users\ThinkPad\AppData\Local\Temp



---------------  S Y S T E M  ---------------

OS:
 Windows 10 , 64 bit Build 19041 (10.0.19041.2913)
OS uptime: 0 days 19:57 hours
Hyper-V role detected

CPU: total 4 (initial active 4) (2 cores per cpu, 2 threads per core) family 6 model 78 stepping 3 microcode 0xd6, cx8, cmov, fxsr, ht, mmx, 3dnowpref, sse, sse2, sse3, ssse3, sse4.1, sse4.2, popcnt, lzcnt, tsc, tscinvbit, avx, avx2, aes, erms, clmul, bmi1, bmi2, rtm, adx, fma, vzeroupper, clflush, clflushopt, hv

Memory: 4k page, system-wide physical 16239M (1632M free)
TotalPageFile size 22113M (AvailPageFile size 10M)
current process WorkingSet (physical memory assigned to process): 121M, peak: 121M
current process commit charge ("private bytes"): 366M, peak: 366M

vm_info: OpenJDK 64-Bit Server VM (17.0.5+8-LTS) for windows-amd64 JRE (17.0.5+8-LTS), built on Oct 13 2022 05:18:14 by "Administrator" with MS VC++ 15.9 (VS2017)

END.
